O:O:8:37,45,53,38,39,54,26,61,44,31,62,43,52,51,46,30,29,47,63,34,59,19,25,21,60,42,12,10,22,23,11,58,57,13,3,16,14,20,1,7,24,32,15,2,49,33,40,4,41,56,55,17,50,48,5,18,8,9,0,6,
O:O:8:37,45,26,18,10,9,44,11,19,34,1,29,38,53,0,30,31,8,54,55,61,20,16,39,43,12,4,51,52,2,58,22,13,14,63,59,21,57,50,60,25,33,56,23,3,46,47,62,7,15,41,17,24,48,49,5,6,40,32,42,
O:O:8:19,18,17,43,44,53,50,42,49,20,37,45,52,61,54,63,29,16,62,41,12,21,60,57,22,4,47,30,26,33,38,15,3,14,25,5,10,34,7,13,32,31,51,9,39,11,0,24,2,55,8,40,58,1,56,48,59,46,6,23,
O:O:8:44,43,18,29,51,50,49,26,20,10,38,53,42,59,62,13,52,61,19,54,60,47,1,41,40,34,17,45,58,48,21,8,24,33,5,14,25,32,46,6,56,16,57,2,7,55,9,0,30,15,23,31,3,12,4,11,39,37,22,63,
O:X:8:37,45,19,38,39,18,52,20,10,29,17,43,51,9,21,13,11,30,26,46,31,53,55,50,57,49,5,3,60,24,54,47,1,23,4,62,42,61,12,2,8,16,25,0,48,63,44,6,14,32,22,33,34,15,41,58,59,40,7,56,
O:X:8:19,18,26,34,33,20,44,32,11,10,25,17,2,1,24,52,43,9,21,3,41,16,13,49,53,6,42,29,61,60,30,22,37,62,14,7,51,15,12,59,38,23,56,46,5,4,39,47,0,50,8,48,57,45,55,58,40,31,63,54,
O:X:8:37,45,19,38,46,29,44,34,21,20,43,53,39,10,41,18,52,47,1,60,59,51,42,48,33,30,12,24,61,54,50,49,62,22,58,5,26,25,15,14,16,57,56,8,17,9,40,11,13,6,63,4,23,31,2,32,3,7,55,0,
O:O:8:26,20,13,25,21,12,19,44,52,29,18,60,34,43,5,11,53,54,3,6,41,4,30,45,2,31,7,10,37,14,1,9,63,22,38,48,42,49,56,17,24,8,16,57,61,23,40,33,59,47,50,46,55,32,39,51,58,62,15,0,
O:X:8:19,18,26,34,41,21,10,11,4,25,37,44,24,3,51,46,20,9,42,32,17,58,16,29,55,50,30,31,53,8,2,52,14,54,38,22,43,12,40,45,61,47,1,59,62,39,49,7,23,57,6,48,5,63,13,60,56,0,33,15,
O:O:8:44,43,18,29,45,37,26,20,51,34,19,53,41,25,33,48,62,50,17,24,49,58,22,61,11,63,16,9,1,30,46,39,55,42,23,21,38,13,12,54,6,4,59,0,3,2,40,52,10,31,32,14,57,47,56,15,8,5,7,60,
O:X:8:26,20,29,18,43,38,30,25,17,22,15,16,11,34,24,52,31,2,51,44,13,58,60,37,42,6,12,41,33,23,19,4,45,39,21,61,47,53,48,10,5,14,46,59,7,3,50,55,54,32,1,62,49,9,40,56,8,0,63,57,
O:X:8:19,18,17,43,44,53,51,42,49,29,37,45,50,9,1,20,46,52,62,0,22,30,12,25,59,21,11,54,26,4,24,23,5,56,55,13,33,57,14,10,34,47,8,2,41,48,3,32,15,61,40,38,39,6,63,16,31,60,7,58,
O:O:8:19,18,26,34,44,37,46,52,17,11,4,10,60,55,33,45,20,53,38,29,62,43,2,8,39,13,24,32,21,47,5,30,51,6,31,3,63,14,42,58,22,54,59,15,40,12,61,50,23,16,9,41,49,57,25,1,48,56,7,0,
O:X:8:19,18,44,29,22,52,53,54,60,15,21,11,30,26,25,34,45,24,46,47,9,38,32,37,23,51,20,40,41,0,42,43,48,59,62,33,58,12,3,49,16,61,17,5,57,50,63,13,10,8,4,31,39,6,1,2,55,56,7,14,
O:O:8:19,18,37,20,11,34,21,38,26,13,5,29,17,16,10,22,8,2,45,52,39,31,24,14,47,12,33,55,53,42,1,4,59,32,23,44,43,60,25,0,50,61,41,48,49,9,30,51,62,6,56,54,3,57,63,7,40,46,15,58,
O:O:8:37,45,44,43,34,20,13,30,51,18,21,59,46,47,23,19,58,25,53,54,10,60,26,11,55,1,42,6,3,50,17,57,63,4,39,29,38,31,12,14,62,52,33,61,5,41,7,16,8,9,24,2,56,15,49,22,0,48,40,32,
O:O:8:26,20,21,22,12,3,44,42,34,19,49,41,4,25,24,18,40,16,11,32,23,50,33,37,43,30,5,57,58,48,14,29,17,6,7,10,56,2,15,59,31,52,1,51,45,46,9,38,61,53,54,62,13,8,63,39,0,60,55,47,
O:X:8:26,20,29,18,19,22,44,45,12,11,37,46,21,51,9,43,10,4,23,2,30,16,55,33,0,31,53,38,50,49,3,13,25,61,6,47,62,17,58,60,32,52,14,24,54,42,39,7,5,40,34,1,59,41,48,15,8,56,57,63,
O:O:8:26,20,45,44,13,34,43,25,29,30,38,37,22,15,17,52,59,31,33,60,19,24,16,47,21,4,51,50,23,32,40,18,41,49,61,42,48,54,63,11,5,14,10,57,12,3,7,53,62,55,46,6,2,9,0,1,58,39,56,8,
O:X:8:44,43,26,45,50,42,52,57,34,21,41,53,58,37,62,40,54,59,51,18,29,30,9,20,13,12,11,63,23,61,49,56,32,3,33,6,46,2,19,38,4,48,60,17,5,24,39,1,8,55,7,10,0,14,16,22,47,25,15,31,
O:X:8:19,18,37,20,9,44,10,0,17,38,8,16,26,11,46,25,45,43,12,47,50,13,2,1,21,34,3,22,54,4,30,42,29,23,41,57,33,63,59,49,14,53,40,7,5,39,24,15,61,58,55,52,6,60,31,32,56,48,51,62,
O:O:8:19,18,44,29,9,43,45,10,50,17,30,54,1,52,61,2,47,42,34,11,20,51,3,59,53,41,24,8,0,26,58,57,40,62,63,25,49,12,5,60,16,37,46,39,4,22,56,55,38,33,14,48,32,21,31,7,13,23,6,15,
O:O:8:26,20,29,18,12,4,10,42,11,25,13,6,34,33,24,19,41,38,30,2,14,22,49,43,52,40,15,48,1,0,46,16,3,57,32,17,5,45,8,50,21,47,54,9,56,62,37,59,31,51,44,23,63,39,55,53,7,60,61,58,
O:O:8:44,43,18,29,30,22,14,20,45,53,12,46,52,59,51,50,60,19,42,5,49,9,26,48,39,25,57,31,23,54,55,15,11,21,32,13,0,24,38,47,16,4,7,41,56,37,10,6,3,62,33,61,58,34,63,40,17,1,2,8,
O:O:8:37,45,53,38,44,19,18,43,29,30,34,25,39,17,42,54,20,13,16,46,63,52,9,62,61,0,11,12,47,26,14,50,33,6,41,10,57,8,51,49,3,21,5,55,24,32,31,4,58,15,2,59,1,23,48,56,40,60,7,22,
O:X:8:19,18,26,34,9,21,42,49,29,22,37,10,13,44,33,0,52,4,56,50,41,24,58,53,32,20,45,38,2,11,12,17,30,31,39,60,14,40,16,5,62,15,23,47,7,61,25,63,43,48,3,6,54,55,59,57,46,1,8,51,
O:X:8:26,20,29,18,11,12,13,25,17,2,24,16,21,32,19,14,4,43,10,30,22,34,1,3,6,0,37,46,41,42,44,51,59,15,23,52,8,38,7,50,45,9,5,60,53,54,48,58,49,40,57,56,62,31,61,55,47,33,39,63,
O:X:8:26,20,45,44,37,17,52,46,8,42,30,60,47,55,51,25,18,34,33,43,29,21,14,41,61,59,19,12,48,16,49,62,10,3,38,11,9,13,50,32,22,23,57,58,6,1,24,31,2,7,4,40,39,0,53,54,63,5,15,56,
O:X:8:26,20,21,22,44,34,19,18,9,42,12,53,23,5,3,13,50,33,40,31,14,49,62,24,39,11,10,7,32,58,29,2,41,4,15,37,16,45,43,48,46,52,59,38,57,8,25,54,47,55,0,51,60,61,6,17,30,1,56,63,
O:O:8:26,20,29,18,10,38,37,44,30,17,11,23,45,52,31,39,46,19,54,47,9,21,34,63,14,12,22,6,13,1,53,33,0,3,41,60,8,25,24,48,59,32,5,4,43,51,7,15,50,49,61,42,58,57,16,62,55,2,56,40,
O:O:8:44,43,18,29,45,37,51,54,38,47,46,34,26,55,42,9,31,30,10,58,53,20,39,50,19,41,8,2,33,52,21,17,63,32,1,14,13,6,25,12,5,23,4,0,49,24,16,48,22,61,11,60,15,59,57,3,62,7,40,56,
O:X:8:37,45,26,18,19,29,46,20,13,25,21,34,43,47,9,10,33,22,16,0,11,4,8,24,17,52,14,32,40,48,54,1,42,53,61,50,38,2,6,41,39,12,3,15,51,44,23,58,57,60,55,56,49,30,62,63,7,59,31,5,
O:X:8:44,43,42,51,50,37,26,19,45,52,61,57,29,60,12,49,41,33,56,11,24,38,10,30,21,48,58,62,22,13,32,1,54,53,40,47,18,9,55,31,2,3,4,5,39,34,25,59,15,63,14,20,8,16,23,6,7,46,0,17,
O:X:8:26,20,29,18,37,34,11,13,17,38,46,8,44,21,9,52,42,41,19,10,2,25,45,30,33,12,22,50,51,39,59,40,5,58,0,53,4,3,57,14,48,56,61,60,15,6,16,49,32,62,43,24,31,47,55,23,1,54,7,63,
O:O:8:44,43,34,25,26,29,17,52,53,54,37,42,22,30,21,51,49,41,46,39,60,38,47,61,33,50,31,59,45,15,63,8,9,14,18,24,16,56,48,10,11,40,7,23,32,12,2,5,20,57,13,6,0,55,58,19,4,1,3,62,
O:O:8:37,45,19,38,46,29,54,26,33,53,21,62,18,25,63,43,51,41,39,10,1,55,22,13,17,9,49,31,30,20,61,0,47,24,34,40,14,2,16,48,5,57,44,15,11,52,3,50,8,6,7,4,42,12,23,32,58,59,60,56,
O:X:8:26,20,45,44,53,54,55,18,12,25,46,62,61,47,34,42,24,21,50,4,14,41,33,58,63,37,51,32,38,22,10,60,13,11,49,9,17,40,3,39,48,7,1,0,15,19,30,16,5,6,52,29,8,59,31,56,43,23,57,2,
O:X:8:19,18,17,43,51,34,25,21,29,59,13,16,33,20,12,45,52,61,9,2,41,37,54,42,0,53,44,63,11,24,26,8,32,5,14,3,50,7,46,57,22,23,58,49,30,10,48,55,62,60,15,39,38,31,1,40,47,56,4,6,
O:O:8:26,20,21,22,13,18,19,4,23,34,43,12,5,31,3,29,14,15,30,6,17,37,25,10,7,9,11,50,57,33,38,45,40,39,8,1,44,51,42,41,59,60,46,49,32,54,53,47,63,61,56,48,0,58,62,52,55,16,2,24,
O:X:8:26,20,13,25,44,43,50,29,18,53,38,37,32,51,52,24,16,49,42,22,46,10,58,39,47,57,60,4,17,8,30,21,19,45,55,34,31,61,33,40,48,59,62,11,14,15,0,54,23,63,12,56,5,3,6,7,41,9,1,2,
O:X:8:19,18,17,43,26,9,44,20,11,34,0,3,25,45,21,8,33,16,41,10,2,4,12,13,5,37,29,30,1,42,49,22,15,50,38,40,32,58,54,23,57,52,31,24,14,53,62,51,46,48,59,47,39,55,61,6,56,7,63,60,
O:O:8:26,20,29,18,12,4,19,34,11,3,2,1,13,38,10,17,33,32,44,45,37,14,42,52,8,24,39,30,31,21,46,49,43,50,6,55,58,51,47,5,56,48,16,25,59,60,57,53,0,9,40,23,54,61,41,22,7,62,15,63,
O:X:8:26,20,29,18,43,38,12,50,47,25,37,22,21,39,17,4,33,13,19,9,51,40,23,52,46,30,0,55,45,34,61,14,41,16,57,44,6,1,59,32,7,58,42,48,31,53,8,11,5,56,63,10,60,62,3,2,54,24,15,49,
O:X:8:37,45,53,38,26,52,46,34,51,21,41,54,29,19,44,22,47,50,30,23,14,6,12,33,55,20,13,11,40,32,31,39,3,10,62,18,7,15,25,17,60,48,5,4,61,42,24,58,2,1,9,43,57,8,0,16,59,63,49,56,
O:O:8:37,45,19,38,39,18,17,9,44,43,0,11,26,16,8,20,24,34,54,25,42,53,3,2,29,30,33,47,10,63,1,32,41,48,12,51,49,50,31,22,52,23,15,46,40,60,55,14,61,4,59,21,58,7,56,62,5,57,13,
O:O:8:37,45,44,43,52,21,26,60,51,25,14,38,29,58,53,34,59,54,30,31,19,12,33,32,13,42,10,15,5,18,61,62,9,46,63,47,24,11,39,0,3,1,17,23,41,2,4,50,20,16,6,7,40,48,8,49,22,55,57,56,
O:O:8:19,18,17,43,44,53,42,29,21,26,51,50,52,10,57,13,14,24,62,12,3,11,8,45,22,15,38,49,20,58,2,46,6,30,4,5,31,23,34,9,59,1,39,47,54,37,33,40,25,41,0,16,56,63,55,60,7,48,61,32,
O:X:8:19,18,37,20,10,44,53,43,42,2,12,45,17,49,29,9,46,16,1,11,25,21,3,26,30,38,41,24,33,32,22,52,39,15,54,8,59,13,34,51,58,40,48,62,61,56,5,14,55,60,50,63,57,47,6,31,23,7,4,0,
O:X:8:19,18,37,20,11,34,21,38,25,13,46,14,33,17,39,55,54,32,29,12,43,52,4,3,7,44,50,30,61,42,10,60,41,53,45,51,62,47,26,57,59,63,9,2,49,15,5,8,0,1,16,22,31,48,23,58,56,6,40,24,
O:O:8:37,45,19,38,44,51,53,10,11,52,54,42,26,55,9,17,33,25,61,3,47,46,43,62,20,59,39,30,24,60,21,23,8,12,13,4,41,14,63,1,58,18,2,34,31,29,5,22,50,40,0,6,49,56,15,48,57,7,16,32,
O:X:8:44,43,26,45,50,42,49,57,51,29,53,34,33,17,46,41,48,25,40,52,60,20,8,54,32,9,24,47,62,61,55,16,13,63,1,19,39,37,22,59,38,0,12,4,21,5,14,31,11,56,58,7,18,3,30,10,2,6,23,15,
O:X:8:26,20,29,18,44,38,9,25,22,30,12,53,46,31,60,21,17,11,39,42,33,0,1,32,19,43,51,59,23,41,40,34,2,8,16,61,45,62,37,13,58,55,14,47,54,48,52,4,24,57,63,3,10,15,7,50,6,5,49,56,
O:O:8:26,20,21,22,45,44,43,34,25,33,40,53,61,42,41,24,12,62,52,3,23,60,29,37,17,30,31,50,38,15,59,48,54,58,14,9,56,19,51,47,13,49,4,39,10,46,63,11,2,5,7,1,16,6,32,55,57,8,18,0,
O:X:8:19,18,17,43,26,9,10,20,1,11,12,2,44,45,34,4,5,8,16,24,33,13,21,22,54,25,42,49,51,41,3,63,30,60,58,38,56,59,31,6,40,23,37,50,7,46,57,39,47,53,29,52,0,32,55,48,61,14,15,62,
O:X:8:37,45,19,38,44,51,53,10,46,34,30,18,1,21,58,2,12,0,9,62,61,20,43,4,63,42,26,60,5,54,33,50,41,11,52,39,47,23,3,14,59,13,29,6,7,22,31,17,16,24,25,49,32,48,8,55,57,56,15,40,
O:X:8:44,43,42,51,60,49,18,59,56,29,30,19,58,9,11,52,53,50,25,22,14,45,46,54,55,20,12,2,0,47,39,26,4,57,41,24,37,62,61,5,32,10,21,16,3,13,17,8,6,7,34,38,63,1,31,23,15,48,33,40,
O:O:8:19,18,17,43,26,9,1,8,51,10,37,12,11,4,33,59,5,13,0,21,29,25,3,41,44,53,40,34,49,38,52,57,54,61,60,47,58,22,24,20,55,45,16,2,42,56,39,63,14,7,15,30,50,6,23,46,48,32,31,62,
O:X:8:37,45,26,18,53,34,9,21,25,46,20,61,55,39,22,29,41,19,54,12,3,0,44,52,10,30,59,14,43,1,62,4,5,33,60,24,23,31,2,17,47,51,8,42,16,13,6,32,50,63,40,57,38,49,11,58,56,48,15,7,
O:X:8:37,45,44,43,52,21,50,42,18,57,54,19,41,9,20,32,10,29,26,1,38,33,22,39,24,15,34,17,47,16,8,53,58,63,12,13,30,0,3,4,49,48,31,51,25,11,40,46,55,59,5,6,14,7,56,62,2,23,61,60,
O:O:8:26,20,45,44,37,17,12,21,22,19,51,54,10,13,46,53,62,47,25,18,5,55,61,38,16,9,39,33,31,34,41,4,29,11,24,23,63,58,42,6,52,30,60,48,40,43,1,2,15,32,14,50,56,59,49,8,0,7,57,3,
O:X:8:44,43,42,51,26,45,53,19,54,46,47,17,34,29,60,52,59,62,21,63,20,58,57,12,30,39,38,37,4,5,55,49,10,50,40,3,33,11,22,61,8,23,1,48,13,18,25,31,2,16,41,32,14,0,9,15,7,6,56,24,
O:O:8:44,43,18,29,26,52,51,25,22,45,54,11,60,42,33,40,34,63,20,30,19,50,57,21,24,23,13,37,3,59,38,12,61,58,46,17,32,47,48,9,10,4,5,14,0,16,31,2,53,15,8,6,39,56,55,62,49,1,7,41,
O:O:8:44,43,50,29,18,52,22,19,34,26,61,17,9,10,20,33,41,49,11,42,16,37,51,57,56,3,2,1,45,48,25,24,32,59,60,13,4,46,38,12,0,31,55,40,21,47,8,30,23,6,54,53,39,5,62,15,58,14,7,63,
O:X:8:26,20,21,22,12,3,37,19,5,42,34,46,50,33,30,25,44,45,24,53,14,16,41,18,17,13,55,11,6,23,38,40,10,32,62,8,9,7,54,51,29,49,58,2,1,52,31,47,57,43,39,63,60,15,4,59,48,61,0,56,
O:X:8:19,18,37,20,9,44,45,17,25,0,52,33,12,43,26,21,11,46,13,42,38,5,55,34,32,24,51,41,14,47,50,4,39,61,8,23,3,31,6,10,54,22,2,58,1,48,30,29,15,40,57,53,60,16,59,63,49,56,62,7,
O:X:8:26,20,45,44,29,38,13,54,37,34,53,25,17,6,42,49,50,33,24,8,39,46,56,31,9,47,22,52,62,58,12,32,43,41,48,60,4,51,61,11,30,57,10,19,18,2,3,16,21,5,40,63,55,23,14,7,0,59,15,1,
O:O:8:37,45,44,43,50,30,52,42,34,51,38,20,19,46,47,53,54,63,12,59,22,61,26,39,60,41,40,17,55,5,10,11,18,9,16,8,25,32,48,62,4,33,3,58,6,13,0,56,57,23,2,31,14,49,21,7,29,1,15,24,
O:X:8:44,43,26,45,50,42,54,58,51,52,57,38,60,56,46,49,33,29,48,40,30,63,62,22,37,47,39,23,59,25,21,13,19,18,17,53,55,31,41,34,32,16,5,24,20,14,6,15,12,11,7,9,2,10,4,61,1,8,3,
O:O:8:19,18,37,20,9,44,10,0,8,38,39,30,17,11,22,34,42,23,46,16,3,2,24,21,51,50,1,52,49,43,26,55,29,41,60,4,40,47,15,31,59,48,14,25,33,5,45,13,56,61,62,58,57,7,12,32,6,53,54,63,
O:X:8:26,20,21,22,45,44,37,17,34,42,25,18,19,24,33,29,13,10,16,43,41,11,4,12,15,6,3,2,32,14,9,8,0,50,58,46,1,48,30,38,39,49,5,51,56,52,31,53,61,23,47,57,60,62,63,7,59,40,54,55,
O:X:8:44,43,34,25,33,29,20,41,48,26,21,53,38,14,24,12,11,18,62,52,42,19,45,22,51,2,10,47,23,54,4,30,39,31,7,13,46,61,55,50,37,60,57,58,59,5,9,16,8,32,49,3,17,56,6,40,1,0,63,15,
O:X:8:19,18,26,34,45,54,44,12,10,11,42,9,5,25,16,53,8,21,29,2,17,50,41,13,49,48,56,43,51,33,24,20,14,57,58,1,40,30,46,39,47,4,62,32,22,15,3,52,37,6,31,59,60,63,7,38,23,0,55,61,
O:X:8:26,20,21,22,14,6,13,18,31,42,34,5,29,19,49,41,4,43,11,17,25,56,48,10,15,16,7,23,32,24,45,30,57,37,9,40,51,54,38,0,52,50,33,39,59,58,63,61,46,44,47,62,1,12,53,8,3,60,55,2,
O:O:8:37,45,26,18,19,29,38,34,25,16,53,54,20,61,24,22,52,12,30,21,23,51,63,11,43,42,9,17,8,47,31,0,4,50,58,57,1,32,60,33,10,49,46,14,40,13,55,41,6,48,59,7,39,2,44,3,5,15,62,56,
O:O:8:44,43,18,29,30,22,51,34,45,31,26,52,59,37,46,20,33,41,50,57,12,54,23,32,38,39,42,9,63,13,40,15,47,48,11,60,10,25,8,62,19,0,6,58,53,4,3,61,55,2,21,16,17,24,5,14,56,7,49,1,
O:X:8:44,43,42,51,60,49,19,45,52,29,30,11,46,61,59,22,26,38,62,20,14,54,41,25,37,53,55,58,18,39,57,21,10,7,24,32,6,23,12,4,50,16,17,1,31,8,15,47,3,56,33,13,34,5,2,48,40,63,0,9,
O:X:8:26,20,13,25,37,46,17,42,24,12,38,8,18,44,9,14,54,30,34,41,21,16,23,29,32,19,33,0,51,45,4,40,11,43,15,60,49,57,53,7,59,55,22,63,39,10,52,47,62,58,3,2,1,5,50,61,6,31,48,56,
O:O:8:37,45,26,18,53,34,33,43,50,38,9,61,25,32,41,11,17,59,49,29,4,21,30,20,47,48,57,23,44,46,13,42,54,8,19,6,5,24,51,56,7,14,22,39,40,12,31,52,55,15,16,58,60,2,0,62,63,10,1,3,
O:O:8:37,45,19,38,54,52,39,18,59,34,17,9,33,43,51,63,44,25,16,31,26,41,46,29,8,42,32,10,49,40,21,50,23,47,55,14,62,56,0,1,57,24,20,58,13,15,53,6,5,11,48,30,12,2,60,4,22,61,3,7,
O:O:8:44,43,26,45,50,42,53,58,51,52,46,29,41,38,60,37,22,32,54,61,62,20,57,34,59,15,25,21,13,12,31,55,3,24,48,23,63,40,39,56,16,6,14,5,49,47,18,33,7,10,19,17,8,4,11,0,1,9,30,2,
O:X:8:19,18,44,29,21,13,30,43,12,14,50,39,26,20,9,37,15,6,31,7,46,51,11,57,42,22,34,0,47,23,59,4,53,25,16,32,3,38,10,2,8,45,33,41,58,49,48,61,60,56,52,17,62,24,5,54,55,63,40,1,
O:X:8:26,20,45,44,53,54,63,34,21,52,29,46,43,18,25,55,37,30,19,42,31,14,61,23,22,13,6,50,41,51,33,32,16,11,3,60,58,24,62,12,17,4,49,15,38,48,59,47,56,5,40,39,9,8,0,57,10,1,2,7,
O:O:8:19,18,37,20,11,34,33,44,21,41,17,9,48,25,45,54,16,3,63,30,38,22,0,32,52,60,13,29,2,50,51,58,15,46,49,1,47,62,53,14,43,5,39,42,57,55,61,40,24,12,59,4,10,6,31,26,7,8,56,23,
O:X:8:26,20,21,22,12,3,14,34,44,18,33,19,5,41,17,52,42,9,37,7,51,50,58,4,49,25,13,6,11,53,43,57,29,59,15,31,45,30,60,61,54,55,2,10,32,1,16,24,48,23,46,40,0,8,38,47,63,56,39,62,
O:X:8:19,18,26,34,9,21,43,20,22,44,25,12,37,51,3,0,29,41,52,33,58,32,17,38,45,14,24,23,15,53,31,61,59,60,6,7,13,46,55,57,54,30,1,16,50,47,62,4,39,63,5,49,40,42,48,56,11,8,2,10,
O:X:8:19,18,17,43,26,9,10,20,45,44,8,46,37,0,51,52,47,2,12,55,29,33,1,16,61,21,24,59,34,39,50,38,40,5,53,58,4,42,13,22,25,30,49,54,63,60,57,32,31,23,15,11,6,3,41,48,14,7,56,62,
O:X:8:44,43,42,51,26,45,60,59,58,19,46,53,62,25,11,29,37,33,18,3,34,55,21,38,20,9,0,22,49,50,2,56,41,13,4,54,57,61,52,48,23,63,32,12,47,15,40,24,5,10,30,31,16,8,14,39,17,6,1,7,
O:O:8:37,45,44,43,42,30,51,59,60,49,54,63,23,38,41,61,29,19,11,33,40,22,24,3,31,21,34,25,20,50,53,15,39,12,18,47,26,32,55,10,58,48,62,13,14,16,17,57,9,0,7,2,8,6,56,52,5,46,4,1,
O:X:8:19,18,17,43,42,29,37,11,21,16,51,59,26,41,44,30,45,33,50,12,3,46,58,20,9,57,31,34,14,13,4,60,54,49,40,25,48,7,5,32,15,1,47,23,8,22,53,39,62,63,55,61,10,56,38,0,52,6,24,2,
O:X:8:37,45,53,38,19,34,31,61,46,18,60,11,62,47,44,39,55,29,52,54,30,51,43,59,50,57,42,41,33,63,10,23,40,2,9,58,1,0,22,25,8,32,20,21,13,16,26,12,4,14,49,24,5,3,15,48,56,17,7,6,
O:X:8:19,18,17,43,51,34,42,9,29,52,1,30,44,45,22,14,53,11,37,54,63,38,15,16,6,20,26,49,33,25,23,60,39,24,61,55,2,4,47,13,59,41,3,50,58,0,62,10,21,12,5,31,40,46,57,7,8,48,56,32,
O:O:8:19,18,37,20,11,34,29,43,17,22,51,12,13,50,45,46,21,4,41,59,6,32,15,3,2,44,57,16,25,10,48,31,9,8,53,49,39,30,26,47,52,38,14,1,61,62,60,7,58,55,5,54,0,42,63,33,24,23,40,56,
O:X:8:44,43,34,25,51,29,16,41,18,37,22,30,38,59,48,53,52,23,20,42,50,21,14,60,61,39,45,62,46,13,12,58,54,47,55,63,31,33,49,4,3,26,24,32,19,40,17,2,15,5,11,9,8,6,10,0,57,7,1,56,
O:O:8:26,20,37,44,53,42,29,62,11,12,19,10,4,21,3,18,34,45,52,51,38,31,49,17,2,41,13,9,0,22,43,33,50,6,48,8,24,16,54,40,39,63,14,32,23,30,55,5,25,61,60,46,15,59,7,56,57,58,1,47,
O:O:8:44,43,26,45,51,20,29,18,11,13,37,38,53,25,12,50,31,62,34,41,33,47,48,10,6,46,17,58,30,22,4,2,61,24,16,14,32,40,55,8,23,19,39,56,52,21,5,42,49,15,9,59,57,1,7,60,63,54,0,3,
O:O:8:26,20,13,25,17,43,24,6,44,34,52,50,12,29,37,41,19,18,42,16,38,61,14,32,51,53,49,5,4,46,60,23,21,57,30,39,7,45,47,22,55,63,40,59,58,54,48,56,9,2,15,33,11,3,31,10,8,1,62,0,
O:O:8:44,43,34,25,33,29,21,52,61,50,51,13,30,31,49,58,37,40,19,26,45,57,23,54,46,53,62,39,47,42,16,12,32,59,20,55,63,41,10,17,14,18,5,24,3,4,11,2,48,22,6,60,38,15,7,56,8,0,9,1,
O:O:8:37,45,44,43,52,21,42,41,50,38,29,51,39,59,53,46,49,62,34,56,47,54,26,57,58,55,60,61,14,7,20,12,63,22,13,5,15,19,4,17,10,33,32,11,8,23,30,1,2,18,6,25,9,0,3,16,40,48,24,31,
O:X:8:37,45,19,38,46,29,54,26,22,42,18,53,30,39,25,55,62,11,20,13,49,32,3,10,12,47,2,63,44,52,14,4,61,56,34,33,41,31,51,1,24,58,17,59,57,50,6,21,23,7,9,8,16,60,5,48,40,15,0,43,
O:O:8:37,45,53,38,29,43,18,20,39,44,30,23,22,9,11,46,52,15,21,31,25,13,47,54,19,62,60,55,34,59,51,33,58,17,42,3,26,41,14,12,49,50,8,5,2,10,57,1,63,48,0,24,40,32,7,16,61,6,4,56,
O:X:8:37,45,26,18,19,29,17,10,3,34,30,21,20,31,46,44,41,25,52,48,33,16,13,6,23,42,5,60,24,40,11,47,51,9,39,50,32,4,12,14,55,53,8,0,1,38,22,43,61,2,59,54,49,57,58,15,56,62,7,63,
O:X:8:19,18,17,43,42,29,44,52,61,49,20,9,41,13,26,33,6,51,50,11,10,21,3,45,25,1,12,2,8,0,24,4,5,37,40,22,57,60,53,30,14,58,46,55,31,39,47,23,38,15,7,62,63,54,34,16,59,48,56,32,
O:O:8:19,18,37,20,12,43,10,21,50,1,30,5,17,38,34,57,45,11,29,41,31,44,3,39,51,2,25,32,16,52,22,15,58,14,0,59,7,13,6,33,42,26,23,46,53,9,48,49,40,56,61,62,55,60,8,54,47,4,24,63,
O:O:8:19,18,26,34,9,21,45,20,33,54,13,5,63,10,11,17,29,4,25,0,2,43,14,32,40,37,8,41,30,12,42,49,16,51,57,53,6,23,61,50,39,46,52,60,59,55,7,44,24,58,47,1,38,22,15,3,31,56,62,48,
O:X:8:44,43,26,45,52,59,54,46,60,18,9,29,38,61,20,0,34,22,30,33,51,13,11,12,42,47,32,24,19,4,37,25,63,53,15,55,5,40,62,23,21,7,10,2,41,6,31,48,39,50,58,14,16,3,17,8,1,57,49,
O:X:8:37,45,44,43,54,63,52,38,34,53,20,42,31,18,46,41,61,47,55,60,33,26,9,25,32,16,17,24,59,39,40,23,15,0,11,13,19,7,6,50,29,12,49,62,8,2,21,57,4,5,51,3,58,48,10,14,56,30,1,22,
O:X:8:19,18,17,43,26,9,1,8,16,10,3,20,2,0,44,53,24,25,21,4,42,41,32,12,62,14,22,33,50,58,6,52,34,40,60,30,38,37,49,61,51,48,29,57,45,15,23,59,56,54,5,11,46,63,47,31,39,55,13,7,
O:X:8:37,45,19,38,44,51,39,30,52,46,23,43,55,60,53,11,42,20,18,17,13,62,58,54,3,4,47,29,9,6,5,50,22,25,32,1,63,26,7,41,40,12,0,15,59,14,16,49,10,21,56,2,34,57,33,31,61,8,24,48,
O:X:8:44,43,26,45,54,29,53,18,19,20,21,63,42,41,37,33,12,46,17,11,52,62,34,22,55,9,38,47,14,51,10,7,13,30,48,2,61,24,49,5,31,40,58,50,32,15,39,60,4,56,8,16,23,1,6,25,59,3,57,0,
O:X:8:26,20,21,22,12,3,4,42,45,37,23,25,18,11,49,13,46,44,52,38,14,5,24,7,29,17,2,32,8,15,39,34,19,1,40,10,41,54,30,31,16,60,62,63,47,48,51,58,61,55,43,56,53,33,50,57,9,0,6,59,
O:O:8:19,18,44,29,9,43,21,34,30,53,45,46,50,42,54,55,52,20,63,60,59,61,49,17,38,31,11,47,39,57,25,16,26,41,56,1,32,22,33,40,0,58,13,5,48,24,51,12,8,3,14,62,6,7,23,15,37,10,2,4,
O:O:8:44,43,18,29,45,37,26,20,30,19,42,17,9,46,8,53,61,41,10,16,51,38,33,34,47,54,39,1,0,25,24,40,13,31,62,11,3,52,2,6,23,55,48,22,59,15,63,56,32,60,7,49,21,12,5,14,57,50,58,4,
O:O:8:19,18,44,29,17,10,21,13,1,45,26,42,46,11,30,54,62,52,14,63,60,9,49,25,24,32,38,31,20,15,3,34,22,4,0,43,40,16,33,56,7,53,8,6,58,2,55,61,41,48,37,51,50,39,23,12,47,57,5,59,
O:X:8:37,45,53,38,29,43,34,22,39,20,51,46,21,50,15,41,44,60,18,59,57,19,12,13,62,52,47,49,11,9,42,10,30,54,58,55,2,31,8,56,25,1,63,61,0,3,6,33,14,7,48,26,23,5,17,32,4,40,16,24,
O:O:8:19,18,37,20,26,43,42,45,53,34,9,10,1,38,21,29,51,61,17,25,39,52,59,46,50,2,55,58,22,12,49,8,11,30,41,15,13,56,23,57,54,40,16,6,48,31,3,5,0,14,44,47,4,60,33,24,63,32,7,62,
O:O:8:37,45,53,38,29,43,47,20,19,39,12,54,50,13,61,55,14,18,46,30,9,57,34,33,31,62,11,44,51,22,63,52,59,4,15,10,32,42,3,8,6,24,5,25,16,58,26,21,60,40,1,49,56,48,0,7,41,17,23,2,
O:O:8:19,18,44,29,21,13,14,43,37,45,17,7,26,9,53,10,20,24,54,51,0,46,2,3,1,42,52,61,60,62,4,12,39,59,25,55,47,31,58,16,33,32,8,50,30,23,57,22,40,38,5,34,15,49,56,41,63,48,11,6,
O:X:8:44,43,42,51,60,49,50,29,20,57,41,21,58,13,40,33,48,53,19,34,24,52,26,17,12,32,30,22,5,38,8,25,18,9,39,56,62,6,46,14,16,45,11,59,2,10,61,4,15,0,37,3,1,7,31,23,63,47,54,55,
O:X:8:19,18,26,34,25,32,41,17,43,50,33,44,16,11,42,29,48,49,53,9,8,52,12,10,40,5,24,54,57,56,20,58,61,0,30,13,37,60,51,31,47,62,4,55,38,59,22,46,21,14,45,3,39,15,23,63,7,1,2,6,
O:X:8:26,20,21,22,45,44,14,6,43,54,29,42,34,41,49,25,24,17,33,48,46,51,7,30,52,47,18,56,23,37,8,19,58,61,11,38,31,32,5,60,62,13,15,9,59,10,50,39,40,3,1,57,55,16,2,53,4,12,0,63,
O:X:8:19,18,17,43,26,9,51,25,44,20,10,3,12,37,16,24,32,5,8,52,53,58,1,42,45,46,11,54,29,0,60,33,47,38,34,2,21,41,31,39,4,22,15,30,13,55,63,40,62,59,50,61,23,49,6,14,57,7,48,56,
O:O:8:19,18,37,20,9,44,11,26,29,46,43,30,52,51,34,50,53,61,39,42,59,58,57,2,22,54,38,41,32,49,56,25,45,0,60,15,4,12,17,40,13,47,1,31,33,6,48,8,62,3,55,10,14,23,7,21,5,16,24,63,
O:X:8:44,43,18,29,45,37,42,20,13,12,4,53,38,21,62,19,14,50,11,61,60,34,46,3,10,39,30,17,26,9,25,6,5,7,16,55,54,24,32,33,57,51,40,31,52,58,22,47,59,15,1,8,49,56,41,23,0,63,2,48,
O:X:8:19,18,17,43,44,53,26,11,20,25,51,9,8,21,22,58,3,4,45,34,2,1,10,37,46,13,16,54,60,31,23,14,6,50,42,38,30,0,39,32,62,29,33,24,52,7,57,12,5,63,59,49,40,41,61,15,48,55,47,56,
O:X:8:37,45,26,18,44,25,19,20,46,53,43,29,11,4,21,13,14,42,49,22,12,39,9,56,34,5,50,6,3,57,58,17,10,1,32,41,52,51,38,30,8,33,0,2,40,48,23,60,61,62,47,59,15,31,7,54,63,24,55,16,
O:X:8:26,20,37,44,45,46,21,22,14,17,30,34,33,19,54,62,53,60,47,39,31,41,18,10,12,25,16,7,42,38,48,24,29,11,63,5,1,3,9,8,15,32,52,23,13,61,0,59,58,2,4,40,6,49,56,50,43,55,51,57,
O:X:8:37,45,26,18,44,25,24,43,53,34,52,62,42,51,59,60,10,58,61,20,12,4,19,41,49,38,57,56,46,54,5,9,29,40,39,30,22,1,2,14,47,6,63,17,0,21,31,23,33,3,11,32,15,8,48,16,7,50,13,55,
O:X:8:26,20,45,44,13,34,29,17,52,19,8,33,41,37,11,3,18,53,2,12,4,10,32,40,48,21,54,43,51,63,14,42,38,22,50,57,49,46,15,60,47,30,62,55,61,31,25,5,23,24,6,1,16,7,9,58,59,56,39,0,
O:X:8:37,45,19,38,39,18,44,29,22,34,20,21,30,15,33,41,9,17,53,31,11,52,43,2,51,0,16,47,23,46,1,60,61,14,13,12,7,6,48,62,10,25,54,58,42,40,32,5,59,24,3,63,50,57,55,49,26,4,56,8,
O:X:8:37,45,26,18,19,29,54,63,46,38,39,43,17,11,53,55,47,8,10,30,24,9,61,62,21,16,44,32,31,20,34,22,1,60,52,41,0,59,40,12,3,4,15,42,49,50,48,2,51,33,25,13,14,58,57,56,5,6,23,7,
O:O:8:26,20,13,25,37,46,21,43,42,6,38,44,34,30,19,49,29,33,32,40,56,10,51,58,47,52,17,9,22,31,18,12,50,45,53,57,4,5,15,54,0,24,14,41,1,7,11,2,16,8,63,55,3,23,59,60,62,61,39,48,
O:O:8:37,45,53,38,46,29,39,42,34,47,18,43,50,44,52,9,19,41,51,33,55,57,32,26,59,48,31,62,61,40,21,20,56,54,10,22,58,11,23,13,4,49,14,5,63,12,3,30,2,17,8,16,6,25,24,15,60,1,0,7,
O:O:8:44,43,50,29,19,57,45,10,11,42,37,12,5,13,21,26,41,49,9,51,34,33,40,22,59,52,60,14,15,24,20,18,58,3,32,8,0,56,16,30,38,61,48,17,1,53,62,23,46,7,6,25,4,63,2,47,55,39,54,31,
O:O:8:44,43,34,25,42,29,26,52,33,41,30,17,51,18,60,59,8,21,10,61,13,31,22,19,37,45,39,4,5,38,50,11,53,46,16,9,54,63,2,49,48,12,56,20,62,1,0,40,55,6,14,47,32,7,57,23,24,3,58,15,
O:O:8:37,45,44,43,53,21,52,61,26,29,42,41,19,25,14,10,62,54,51,58,40,7,17,9,60,50,30,22,46,49,20,55,15,12,38,33,3,39,8,4,31,24,18,34,47,13,63,23,48,2,1,32,6,0,11,57,16,59,56,5,
O:X:8:37,45,26,18,19,29,46,20,53,33,11,2,25,38,40,54,63,44,3,24,21,13,43,4,5,51,59,6,39,34,16,42,9,8,49,12,10,62,32,52,41,50,14,47,60,0,31,61,55,58,30,57,48,1,17,23,22,56,7,15,
O:X:8:26,20,29,18,11,12,19,34,33,17,16,22,44,52,37,2,3,10,1,32,25,9,60,38,46,45,24,55,30,21,23,53,62,39,8,51,31,15,41,40,58,61,13,43,54,49,48,42,14,59,57,4,50,47,63,0,5,56,7,6,
O:O:8:44,43,18,29,45,37,26,20,51,34,22,9,38,47,42,17,10,15,0,49,25,2,19,16,24,33,56,32,41,48,11,50,1,4,31,39,8,46,30,23,58,21,54,61,14,57,55,6,13,12,53,52,7,63,60,3,40,62,59,5,
O:X:8:37,45,19,38,44,51,52,10,21,18,58,34,26,59,41,57,46,20,9,22,2,30,31,25,16,43,61,1,50,47,13,29,23,60,53,42,17,0,56,24,33,8,54,3,14,11,49,15,7,5,6,39,55,62,63,40,4,12,32,48,
O:O:8:44,43,18,29,30,22,51,34,42,26,33,40,32,9,15,53,52,50,0,37,38,24,57,25,20,49,60,31,19,11,58,45,54,59,13,4,56,10,3,48,46,21,47,39,2,55,16,61,62,12,23,41,14,7,6,1,5,8,17,63,
O:X:8:37,45,19,38,46,29,54,26,21,30,33,44,39,47,55,25,24,23,52,59,22,34,43,32,60,63,53,51,42,31,40,41,58,10,61,62,48,50,11,14,1,20,13,3,2,0,49,18,7,4,9,5,6,8,12,57,15,16,17,56,
O:X:8:26,20,45,44,21,34,42,17,18,37,13,19,52,14,30,25,12,38,8,6,33,11,29,41,43,31,23,53,39,51,9,46,40,0,4,49,60,54,59,47,56,58,16,57,24,3,50,5,48,22,63,15,61,32,1,2,10,62,7,55,
O:X:8:44,43,26,45,52,59,54,46,38,19,10,17,18,31,42,3,60,20,13,63,58,53,34,51,16,33,30,12,4,9,40,11,1,37,25,55,47,2,41,0,50,14,22,49,15,6,57,39,62,29,8,24,61,21,48,7,23,56,5,32,
O:O:8:44,43,34,25,42,29,21,45,19,50,46,26,18,14,41,11,33,10,3,52,30,37,2,31,24,49,51,58,22,1,17,15,60,47,20,61,53,48,56,54,63,9,39,40,55,38,62,12,7,13,5,4,6,23,57,59,32,16,0,8,
O:X:8:37,45,53,38,44,19,31,52,43,50,18,34,20,54,41,9,61,48,47,29,57,55,25,21,11,59,0,22,14,10,62,6,51,17,49,42,33,40,16,58,2,56,46,24,23,13,7,60,63,26,12,15,5,4,32,8,1,30,3,39,
O:O:8:19,18,44,29,17,10,20,11,3,26,21,53,52,51,58,14,54,2,1,8,37,12,22,30,4,62,23,50,24,5,34,31,49,45,46,59,43,41,38,16,61,9,7,57,0,42,13,55,39,60,40,32,6,15,33,47,48,56,63,25,
O:O:8:44,43,50,29,34,57,37,52,21,22,61,38,15,20,19,10,39,14,6,46,18,33,2,1,54,55,30,3,41,62,11,47,25,60,53,31,12,45,63,16,17,26,4,5,59,40,9,8,32,48,13,23,0,7,49,24,56,42,58,51,
O:X:8:19,18,17,43,42,29,45,49,22,10,50,37,48,51,11,12,46,9,44,57,26,56,1,21,5,55,20,2,38,13,3,16,14,15,54,39,58,60,23,47,40,4,59,32,24,0,7,6,8,62,63,52,53,34,41,25,33,61,31,30,
O:X:8:44,43,34,25,51,29,20,50,30,52,57,49,16,42,58,45,60,22,46,33,26,11,12,54,14,38,63,53,47,21,24,55,13,15,5,39,59,17,61,41,62,4,19,18,23,37,32,10,7,31,56,48,1,6,9,8,2,40,0,3,
O:O:8:19,18,17,43,42,29,44,52,37,20,51,34,60,53,12,59,21,9,0,11,33,5,26,46,62,49,4,8,45,10,16,61,58,40,55,47,32,30,25,24,56,63,48,50,41,2,22,54,1,23,31,57,13,14,3,39,15,7,6,38,
O:X:8:19,18,37,20,12,43,10,21,30,4,50,39,23,38,11,26,13,22,17,51,14,8,59,42,33,49,45,53,48,60,24,1,61,3,44,52,46,56,9,58,29,47,34,0,41,2,31,7,54,62,55,16,5,15,57,25,6,32,63,40,
O:X:8:37,45,19,38,54,52,39,18,17,11,4,20,10,31,21,13,23,9,53,29,26,3,14,33,51,2,1,0,34,41,47,30,5,7,8,46,22,62,32,12,44,43,42,61,60,50,6,49,63,25,40,16,48,56,57,15,24,59,58,55,
O:O:8:26,20,45,44,29,38,13,54,63,46,22,11,12,17,47,18,10,62,52,30,31,15,61,43,9,37,34,60,24,4,53,50,55,33,40,2,21,16,5,14,6,19,42,7,1,23,51,32,49,0,41,39,59,48,25,3,56,58,8,57,
O:O:8:37,45,26,18,19,29,44,10,46,53,21,13,14,33,61,62,42,54,11,38,17,22,12,51,39,24,16,25,34,47,20,15,23,31,6,4,7,5,30,9,55,41,8,43,50,59,40,2,58,32,3,57,60,49,1,0,63,52,48,56,
O:X:8:37,45,53,38,18,61,39,9,44,31,26,29,22,51,62,34,54,47,46,13,60,52,41,21,30,19,5,14,17,63,20,42,50,10,23,16,55,59,2,33,0,43,11,3,12,48,32,25,8,4,24,1,49,6,58,57,56,15,40,7,
O:X:8:19,18,44,29,9,43,21,34,45,26,17,0,37,54,1,22,63,46,15,8,53,20,16,2,38,30,42,13,12,61,31,52,60,23,14,10,11,7,62,50,41,33,57,24,40,48,32,51,59,5,6,55,47,3,25,39,49,4,56,58,
O:X:8:26,20,21,22,14,6,12,4,7,34,3,25,42,29,44,52,19,13,33,18,17,24,30,23,37,2,16,39,51,8,9,5,10,58,46,45,1,55,60,0,53,41,38,62,11,43,48,15,31,40,47,59,32,54,61,63,57,56,50,49,
O:X:8:19,18,26,34,9,21,25,11,43,50,45,16,20,10,33,29,12,40,14,5,30,44,32,39,52,1,48,42,17,0,3,2,57,24,4,61,22,23,49,54,41,53,15,58,37,13,6,56,8,7,51,59,60,31,62,38,46,47,55,63,
O:X:8:26,20,37,44,51,38,29,58,46,18,11,12,13,25,47,2,52,43,34,30,21,39,10,50,16,61,53,42,49,45,23,6,33,40,17,9,8,14,5,1,24,54,7,3,55,41,22,59,4,62,31,19,57,63,60,32,0,56,48,15,
O:O:8:37,45,26,18,44,25,53,54,19,43,9,52,32,12,17,29,62,16,55,24,33,42,41,61,11,40,46,4,21,39,5,13,14,30,10,34,51,59,49,50,3,2,8,60,38,47,58,6,63,56,57,48,20,0,22,15,7,23,31,1,
O:X:8:37,45,44,43,52,21,34,41,19,61,33,25,14,38,30,11,26,46,12,23,20,29,51,7,22,59,32,15,3,10,16,42,9,4,17,8,60,24,31,40,47,54,5,13,62,39,2,55,6,58,50,63,48,18,53,57,49,1,0,56,
O:X:8:26,20,21,22,45,44,13,5,43,42,6,54,63,19,4,52,12,38,18,11,10,9,25,37,30,3,29,50,59,32,14,33,49,41,53,56,17,24,47,62,0,31,40,15,16,1,2,8,23,51,39,55,57,7,61,48,34,60,58,46,
O:X:8:37,45,44,43,53,21,26,42,50,25,34,58,17,51,24,8,52,60,61,41,19,16,29,30,49,11,33,48,3,10,38,47,32,56,39,59,12,20,18,40,9,13,2,57,0,62,4,5,6,46,22,14,23,1,54,15,7,31,55,63,
O:X:8:37,45,26,18,10,9,19,20,54,11,13,43,12,44,29,46,50,63,3,4,0,6,52,30,17,1,21,53,14,24,42,34,16,22,23,5,47,61,60,59,25,8,62,39,58,57,31,32,38,2,51,41,40,55,15,33,49,56,48,7,
O:O:8:26,20,37,44,53,42,12,38,30,21,34,4,50,46,54,39,23,62,55,41,19,59,58,57,14,18,13,6,32,15,10,17,3,2,51,45,9,1,8,49,7,22,0,40,52,16,33,5,29,31,47,60,24,63,43,61,48,25,11,56,
O:O:8:37,45,44,43,18,30,54,19,50,46,52,62,34,41,20,51,63,21,22,9,55,60,38,23,26,31,14,49,33,25,53,6,40,42,12,4,0,61,17,11,5,24,32,16,47,13,7,1,48,59,39,57,8,15,58,29,10,56,2,3,
O:X:8:19,18,17,43,51,34,45,59,42,37,44,21,14,10,20,26,38,33,32,12,11,46,9,22,52,7,58,57,49,30,25,24,5,60,41,50,29,1,47,39,6,40,0,8,53,31,23,55,63,62,48,56,61,13,16,4,54,15,3,2,
O:X:8:37,45,19,38,46,29,54,26,20,10,39,63,53,61,62,12,60,59,11,21,14,31,4,55,47,22,44,18,1,5,6,51,34,3,52,42,50,17,8,25,30,49,56,43,57,7,23,58,13,48,9,24,2,15,40,0,16,33,32,41,
O:X:8:26,20,37,44,29,17,42,38,8,19,11,2,45,25,3,18,21,12,32,52,34,10,54,41,50,24,60,58,43,59,33,49,61,22,48,62,1,9,30,40,39,13,51,57,6,47,16,4,23,15,55,53,7,31,46,0,14,63,56,5,
O:X:8:19,18,26,34,45,54,43,52,33,20,21,40,17,9,32,11,1,22,48,16,37,41,51,25,10,8,13,50,61,49,4,46,55,38,14,2,42,53,31,7,15,3,44,23,57,39,58,0,24,6,30,56,12,5,47,29,60,63,62,59,
O:O:8:26,20,21,22,37,42,12,38,46,54,45,52,63,62,59,18,44,13,30,4,53,25,47,34,9,11,31,19,5,51,14,39,17,10,3,16,60,2,55,43,29,61,58,7,15,23,1,57,56,50,0,6,49,41,33,8,24,40,32,48,
O:X:8:26,20,21,22,12,3,14,34,43,13,30,18,5,44,45,7,4,54,46,53,60,23,55,6,15,47,39,61,31,52,62,29,37,19,42,38,59,51,17,25,58,16,8,0,11,50,9,2,49,57,41,33,24,10,56,63,32,40,1,48,
O:X:8:26,20,37,44,53,42,29,62,45,30,61,19,11,12,5,3,52,54,46,22,18,33,15,14,25,38,40,51,59,4,63,6,13,43,10,2,50,32,41,21,31,39,23,9,8,34,24,55,17,7,47,1,60,58,57,48,49,16,0,56,
O:X:8:44,43,34,25,51,29,21,37,19,50,38,59,20,39,58,53,30,13,57,11,16,33,5,52,26,56,3,6,45,41,46,14,61,31,22,54,47,10,15,55,49,40,17,4,32,1,9,24,63,2,18,42,48,62,7,0,12,60,23,8,
O:O:8:19,18,37,20,26,43,12,21,34,25,14,29,44,5,33,11,52,50,17,32,4,7,42,51,58,59,60,9,2,41,10,53,0,46,39,13,16,8,1,24,15,62,38,61,45,22,63,6,30,57,23,54,31,3,55,47,48,49,56,40,
O:O:8:26,20,29,18,12,4,21,34,3,2,43,51,42,37,46,14,33,49,25,16,56,50,17,45,44,48,11,9,13,41,24,32,59,19,8,30,23,6,7,15,40,53,0,55,61,1,57,38,22,54,62,31,10,63,5,52,39,60,47,58,
O:O:8:37,45,26,18,19,29,46,20,11,10,53,42,25,34,33,32,2,17,9,3,21,38,50,22,43,1,23,15,31,61,0,44,54,16,7,47,30,13,52,58,4,5,62,55,6,12,8,39,60,14,63,51,41,24,40,59,49,48,57,56,
O:X:8:37,45,19,38,39,18,26,20,13,34,44,43,50,42,41,12,29,6,10,11,4,46,47,30,31,1,14,21,22,51,53,61,62,49,59,7,60,9,8,55,54,3,48,56,57,23,33,32,2,52,63,5,25,40,24,17,15,58,0,16,
O:X:8:44,43,18,29,51,50,30,45,37,19,42,22,53,34,14,17,11,60,33,3,52,24,41,26,25,49,32,61,58,21,46,20,40,48,16,9,59,55,8,31,0,13,54,63,4,6,62,12,23,38,47,57,56,5,39,15,7,2,1,10,
O:O:8:37,45,44,43,34,20,19,11,26,38,52,42,46,17,31,60,49,29,2,41,50,21,59,3,51,47,53,61,4,57,32,58,54,40,14,62,39,23,22,13,63,6,55,30,15,24,7,12,48,56,18,25,8,33,10,9,1,16,0,5,
O:X:8:26,20,13,25,19,44,37,11,51,38,2,52,60,3,46,6,10,1,39,29,12,17,43,55,14,42,22,4,24,31,33,40,34,49,8,18,23,58,41,9,48,30,15,50,59,61,47,56,57,45,54,53,21,7,16,32,63,0,62,5,
O:O:8:44,43,42,51,18,41,34,21,52,60,59,20,40,49,61,50,25,53,46,26,17,48,45,19,22,16,57,10,56,62,9,37,29,24,11,47,63,3,39,1,58,23,8,30,55,38,13,12,14,31,32,5,2,33,15,54,0,7,4,6,
O:O:8:44,43,18,29,42,20,12,50,37,26,22,13,34,15,14,52,53,41,21,45,60,6,25,24,54,63,16,10,55,4,38,33,7,46,11,47,23,19,40,5,51,9,2,30,58,61,3,17,31,57,62,1,59,49,0,8,32,39,56,48,
O:X:8:44,43,34,25,18,45,52,20,12,9,16,13,54,41,33,63,46,4,6,50,11,32,10,53,0,37,62,55,51,42,38,58,49,29,17,48,59,22,30,21,57,60,23,31,47,15,14,26,61,5,19,24,3,56,40,8,2,39,7,1,
O:X:8:26,20,29,18,37,34,11,13,17,38,19,9,46,2,30,39,12,4,43,21,33,45,1,42,5,55,53,44,47,22,51,40,41,61,10,58,24,32,14,8,52,23,54,16,0,49,15,31,63,62,6,50,25,60,57,56,59,3,48,7,
O:X:8:19,18,44,29,21,13,22,43,50,23,9,57,14,20,12,45,38,11,31,0,30,37,52,61,10,7,42,5,58,46,55,34,26,53,4,15,47,59,8,41,6,3,62,2,17,24,54,51,25,63,1,39,49,48,40,16,33,32,56,60,
O:X:8:19,18,17,43,26,9,1,8,33,29,37,0,42,34,30,2,16,11,25,22,41,20,3,45,46,48,12,38,31,50,13,14,6,10,52,23,51,32,15,53,49,47,58,24,21,59,54,61,60,5,55,63,62,57,4,7,40,44,56,39,
O:O:8:37,45,53,38,19,34,46,11,18,20,31,29,2,55,33,30,47,61,21,54,26,22,10,1,9,17,25,44,39,40,24,3,51,8,42,58,23,14,52,50,4,13,7,43,63,6,12,32,49,60,62,5,16,48,56,41,59,57,15,0,
O:O:8:19,18,26,34,17,21,41,11,37,46,4,45,14,48,20,12,38,22,10,3,53,39,25,9,55,16,42,43,31,5,44,62,61,6,49,54,33,56,52,30,2,32,40,23,29,1,7,24,13,51,50,15,63,57,58,60,8,59,0,47,
O:X:8:37,45,44,43,54,63,53,29,19,20,21,11,2,46,55,13,39,62,60,38,47,22,5,31,51,50,15,34,57,42,26,59,58,52,61,18,17,56,10,9,3,25,0,41,4,49,14,7,1,30,40,48,16,8,23,32,24,12,33,6,
O:O:8:26,20,45,44,37,17,34,46,8,25,16,41,43,24,52,42,53,10,32,18,19,11,38,60,50,54,21,31,3,58,62,1,55,12,2,61,51,22,14,6,4,9,7,48,49,5,30,29,33,39,13,63,47,23,15,59,0,56,57,40,
O:O:8:19,18,26,34,17,21,42,33,44,52,29,22,41,8,25,49,30,9,20,38,14,11,32,6,60,43,10,2,3,45,23,15,51,50,39,61,12,4,5,59,46,40,13,24,54,62,16,7,57,37,53,48,1,55,63,0,31,47,56,58,
O:O:8:37,45,44,43,34,20,13,30,54,42,52,19,50,49,11,60,53,33,29,46,51,38,24,12,26,55,61,41,56,22,23,25,16,14,62,3,17,8,2,59,32,31,58,10,15,63,9,1,40,7,21,57,18,6,48,5,4,39,47,0,
O:X:8:26,20,37,44,51,38,39,25,18,34,42,45,13,43,54,50,52,29,41,32,24,63,30,6,46,61,11,31,47,21,62,58,60,16,48,55,22,59,57,56,5,4,23,49,2,40,10,14,15,17,53,19,9,3,1,33,7,12,8,0,
O:X:8:26,20,29,18,37,34,11,13,17,38,19,9,1,8,47,4,44,51,2,10,16,3,25,39,5,12,45,30,22,32,41,24,52,0,23,6,58,31,43,59,60,46,50,57,21,48,54,55,49,61,42,14,53,62,33,15,7,56,63,40,
O:O:8:26,20,29,18,37,34,12,38,44,53,39,45,25,19,52,33,41,51,62,46,10,61,30,40,47,5,59,2,43,50,1,21,54,23,31,24,58,55,9,22,3,11,63,48,42,0,60,49,8,17,15,14,16,13,4,6,7,32,57,56,
O:O:8:26,20,21,22,44,34,19,18,11,12,9,43,10,52,29,8,60,25,14,37,24,6,23,32,42,38,16,15,1,31,3,51,13,4,53,30,0,50,46,41,5,17,39,61,49,59,48,2,58,57,40,55,7,62,54,33,56,47,63,45,
O:X:8:26,20,13,25,37,46,38,44,34,43,53,60,50,6,62,52,29,47,33,40,22,30,16,31,17,57,39,9,21,23,12,55,24,45,1,4,41,54,61,48,59,19,42,8,3,32,18,14,49,11,5,51,63,0,10,2,15,56,58,7,
O:X:8:44,43,42,51,50,37,46,57,60,21,49,30,23,55,12,52,53,58,45,62,19,18,9,56,59,61,48,14,54,41,34,3,7,32,40,20,24,25,29,38,39,31,26,16,13,6,11,4,5,47,10,17,22,8,2,33,63,15,0,1,
O:X:8:26,20,21,22,37,42,43,46,14,34,30,19,25,23,41,48,29,33,55,45,31,50,15,47,11,39,52,63,44,59,53,16,60,12,3,7,58,61,32,57,6,24,62,2,56,49,38,5,8,13,54,18,1,51,40,4,10,9,0,17,
O:O:8:19,18,17,43,44,53,26,11,50,8,42,41,32,40,49,29,4,58,45,51,59,10,56,57,21,37,46,55,22,15,23,60,9,52,61,13,20,1,38,14,47,34,7,54,16,39,31,24,63,30,5,62,33,48,0,2,25,6,3,12,
O:X:8:19,18,37,20,26,43,12,21,50,44,51,52,34,58,59,42,57,38,25,5,45,32,41,48,30,39,33,53,14,29,31,54,22,23,55,40,46,47,15,62,13,6,7,49,63,60,61,4,56,9,0,24,3,2,16,10,17,11,1,8,
O:O:8:37,45,19,38,39,18,17,9,44,43,53,54,42,25,52,11,63,29,3,26,32,41,30,33,16,61,2,12,10,8,34,24,20,40,50,51,13,46,60,59,58,6,49,57,56,4,62,48,5,21,55,47,31,22,15,1,23,14,0,7,
O:X:8:44,43,42,51,26,45,60,59,46,33,41,37,38,30,52,39,31,61,23,34,47,22,13,53,24,19,12,17,10,48,62,25,20,29,49,16,18,14,6,32,40,63,54,11,8,1,4,55,50,56,57,15,21,58,3,0,5,9,2,7,
O:X:8:37,45,26,18,19,29,54,63,10,43,46,20,62,38,44,9,39,61,22,30,51,34,55,21,42,41,53,47,23,31,0,15,50,59,58,49,12,52,13,33,56,57,60,25,17,8,24,4,6,2,3,5,16,7,11,1,14,32,40,48,
O:O:8:44,43,18,29,42,20,37,45,38,31,12,34,22,21,26,52,46,15,60,19,23,13,7,53,54,59,39,3,5,9,0,17,51,50,30,55,8,33,47,61,25,6,62,4,40,14,57,32,16,49,48,24,11,56,10,58,41,63,2,1,
O:X:8:44,43,26,45,50,42,54,58,51,52,59,21,57,37,41,49,20,60,48,17,14,7,25,24,34,61,53,46,62,40,32,63,33,56,18,13,9,19,12,29,5,30,39,38,15,4,3,23,31,16,8,11,22,6,2,1,47,55,10,0,
O:X:8:37,45,44,43,50,30,52,42,54,61,34,41,18,19,60,58,57,17,9,56,32,48,38,29,40,63,46,59,62,55,47,39,23,0,11,21,22,20,13,24,16,14,5,6,33,26,1,2,3,53,15,51,31,12,4,7,25,10,49,8,
O:X:8:19,18,17,43,44,53,52,9,1,29,37,38,26,16,42,10,54,25,22,30,23,2,3,49,20,13,41,45,11,40,47,4,0,15,12,63,7,59,60,39,21,8,55,62,32,33,57,31,50,56,6,51,46,61,14,5,48,24,34,58,
O:X:8:19,18,26,34,42,12,9,17,25,37,33,50,29,21,5,32,43,10,24,44,40,0,38,46,49,39,3,56,58,57,14,45,55,47,30,31,20,8,51,59,1,41,23,22,52,11,4,6,13,15,54,53,60,63,7,62,2,16,48,61,
O:X:8:37,45,19,38,44,51,54,10,20,46,30,39,53,43,18,61,59,42,60,63,2,62,50,58,52,23,41,32,57,34,48,55,47,12,26,25,31,11,15,56,3,40,22,4,24,7,13,16,9,6,49,8,29,17,14,21,1,0,33,5,
O:O:8:44,43,50,29,22,52,26,34,53,54,62,20,42,15,19,25,12,13,33,18,30,11,24,16,17,41,5,37,49,40,55,21,46,58,8,4,51,32,6,59,60,61,14,45,57,0,38,10,1,3,9,47,2,7,39,63,23,31,48,56,
O:O:8:44,43,26,45,53,61,46,47,50,20,62,42,29,63,12,21,52,18,19,10,14,33,40,59,54,60,34,17,51,25,2,55,16,58,4,5,7,22,37,38,13,23,3,30,1,0,32,24,15,41,48,56,9,11,39,31,49,6,57,8,
O:O:8:37,45,26,18,10,9,8,0,19,2,11,16,17,20,21,33,44,46,34,22,40,43,13,42,25,41,47,5,1,51,23,48,12,32,4,6,59,60,61,54,49,29,7,56,50,53,38,31,58,24,3,15,62,30,39,55,14,57,52,63,
O:X:8:37,45,44,43,26,17,52,19,42,41,38,29,34,30,22,31,11,15,48,59,20,50,60,40,46,2,8,33,13,54,23,25,14,56,21,12,16,24,7,9,55,61,3,47,53,5,4,63,32,62,51,6,39,18,57,10,49,0,1,58,
O:X:8:19,18,17,43,45,11,34,37,51,25,29,59,26,16,9,2,12,13,52,53,8,33,20,38,40,0,3,50,30,23,39,21,61,44,6,31,24,14,54,46,10,60,57,4,47,55,62,63,58,1,15,5,22,42,49,41,32,48,56,7,
O:O:8:19,18,37,20,26,43,42,45,53,34,44,38,9,61,13,29,33,49,47,30,52,12,22,14,41,40,21,31,7,17,54,15,4,46,16,25,24,1,2,5,48,62,23,10,55,8,57,58,3,56,11,32,50,51,0,60,59,63,39,6,
O:X:8:26,20,45,44,53,54,37,25,19,29,63,10,18,52,51,61,21,43,60,55,22,13,62,17,30,15,14,34,8,16,24,50,46,23,42,5,7,41,11,58,48,40,2,9,49,3,31,47,0,57,32,33,12,59,4,1,38,6,56,39,
O:X:8:19,18,37,20,11,34,12,3,2,21,9,46,22,44,45,13,33,10,53,8,0,32,4,29,39,26,42,15,16,43,40,41,51,47,49,17,24,61,62,48,14,50,56,59,55,30,58,57,60,7,31,52,6,5,54,63,25,1,38,23,
O:O:8:26,20,45,44,29,38,31,34,30,22,53,43,18,46,39,47,50,21,41,19,12,37,51,61,42,9,15,48,32,10,55,33,0,5,54,13,3,49,17,1,25,57,24,11,6,63,58,40,56,14,60,16,23,8,7,52,4,59,2,62,
O:X:8:37,45,44,43,18,30,51,20,29,26,46,58,34,33,40,50,19,54,59,9,23,17,42,11,21,41,12,32,57,60,16,8,4,14,53,10,2,31,48,24,13,6,0,62,7,49,63,3,52,55,47,61,5,1,39,38,22,56,15,25,
O:O:8:19,18,44,29,37,45,38,20,12,5,22,31,34,33,54,53,11,55,13,21,63,46,25,4,47,30,6,26,32,14,62,61,3,9,17,41,0,51,8,2,23,15,49,43,1,16,52,57,59,10,7,58,50,42,40,60,48,56,39,24,
O:X:8:37,45,44,43,26,17,25,30,52,51,8,59,42,20,29,19,11,41,12,10,9,24,33,22,34,1,61,3,16,21,50,57,46,47,5,58,55,60,48,38,49,0,54,62,39,13,2,53,23,14,6,40,31,18,7,15,4,32,56,63,
O:O:8:19,18,44,29,9,43,51,42,22,37,26,21,41,34,45,11,38,52,13,48,10,25,50,54,16,15,3,2,30,20,46,6,60,55,1,0,47,33,4,12,63,24,32,5,17,59,58,57,14,23,56,49,8,31,7,53,61,62,39,40,
O:X:8:37,45,44,43,18,30,50,42,38,20,22,31,53,62,29,19,49,9,12,41,51,52,61,11,40,57,21,54,3,34,55,63,26,48,56,25,33,47,17,23,39,10,46,24,8,0,16,13,4,60,6,14,5,32,59,58,7,15,2,1,
O:X:8:44,43,34,25,42,29,21,45,26,41,48,19,53,14,30,18,20,52,50,37,16,39,31,58,54,13,6,24,47,46,38,22,12,63,60,59,62,8,10,4,32,17,51,55,9,40,49,2,3,23,33,57,15,7,56,61,0,1,5,11,
O:O:8:19,18,26,34,44,37,42,50,45,21,29,30,13,51,38,11,52,12,17,60,14,15,58,16,20,47,4,22,5,3,43,46,10,59,24,57,31,6,8,53,62,23,61,49,48,9,56,41,33,39,2,25,55,63,7,1,32,40,0,54,
O:O:8:19,18,26,34,17,21,42,33,40,32,24,25,43,12,16,51,14,37,45,53,54,55,11,8,13,48,9,10,50,3,61,49,47,5,59,60,58,15,56,46,29,63,0,30,4,57,20,41,7,23,31,44,1,22,6,39,52,2,62,38,
O:O:8:44,43,42,51,58,37,46,59,26,19,10,41,49,29,20,45,53,57,21,52,50,30,34,1,22,25,56,61,39,47,54,31,16,14,38,62,23,11,32,24,12,3,2,15,18,48,63,8,0,9,40,17,13,55,33,4,7,6,5,60,
O:X:8:26,20,45,44,29,38,30,54,52,18,43,25,46,47,24,59,13,34,50,16,60,31,9,11,22,42,62,57,17,61,53,6,58,0,4,19,51,37,21,10,8,41,55,12,49,23,1,14,39,2,33,40,7,63,15,48,3,5,32,56,
O:X:8:19,18,26,34,41,21,25,20,29,32,14,30,17,48,39,31,42,33,43,52,51,11,23,22,53,9,10,6,13,44,49,3,15,7,8,58,1,60,12,62,37,56,57,45,5,38,50,2,61,40,63,4,47,0,59,55,24,54,46,16,
O:X:8:44,43,34,25,18,45,50,20,37,26,46,51,42,17,16,38,52,10,29,58,19,60,41,49,53,47,55,8,11,62,9,54,48,22,15,2,21,32,31,59,24,61,33,63,57,40,4,14,6,1,39,7,3,56,0,13,5,30,23,12,
O:O:8:44,43,42,51,18,41,34,21,52,60,50,59,29,19,61,33,32,24,10,9,53,45,26,20,57,2,40,46,22,13,12,62,0,31,1,48,3,37,25,11,38,39,55,58,5,4,14,30,23,56,49,54,17,6,63,8,16,15,47,7,
O:X:8:37,45,53,38,26,52,39,61,59,43,50,31,23,34,46,17,51,44,42,47,60,18,19,12,8,55,33,49,20,15,41,25,48,40,5,58,54,10,24,13,9,11,30,56,6,32,57,63,4,22,62,21,2,16,14,29,7,3,1,0,
O:O:8:26,20,21,22,12,3,37,19,10,42,34,17,50,44,23,58,45,13,49,38,51,18,4,5,41,53,16,11,1,6,43,31,25,2,39,8,54,46,62,48,33,61,52,30,60,32,29,59,55,47,0,15,40,63,56,57,7,9,14,24,
O:X:8:19,18,44,29,9,43,21,34,42,13,14,50,45,7,51,46,53,60,49,0,37,11,33,48,20,41,40,26,55,30,31,47,5,22,38,12,56,25,59,63,54,24,17,52,1,58,4,39,15,32,16,8,57,3,2,23,61,6,10,62,
O:X:8:44,43,42,51,60,49,50,29,48,57,33,41,34,40,32,26,59,52,58,61,21,13,25,19,12,17,37,45,8,3,14,20,38,7,18,16,22,24,9,15,46,31,11,53,56,10,5,30,39,6,54,62,2,0,4,1,55,63,23,47,
O:O:8:37,45,26,18,10,9,44,11,54,43,50,21,34,42,33,53,20,38,2,12,62,63,0,57,30,52,29,39,58,25,17,16,47,24,19,3,61,31,56,60,22,13,1,40,41,51,15,48,14,6,32,46,7,4,59,49,55,8,5,23,
O:O:8:19,18,26,34,25,32,44,20,12,11,17,45,54,37,3,8,29,52,59,46,16,62,55,4,2,60,41,42,13,6,43,1,0,49,61,48,21,24,14,10,56,15,47,57,5,58,7,38,33,22,30,50,40,31,63,53,9,51,39,23,
O:X:8:19,18,17,43,44,53,42,29,37,45,52,26,54,61,38,55,25,21,62,63,46,47,13,8,39,22,30,49,9,14,15,5,34,11,20,23,2,31,60,59,7,10,3,1,16,32,51,0,41,50,33,40,6,12,4,24,56,48,58,57,
O:O:8:19,18,44,29,37,45,46,53,17,10,21,47,55,43,42,52,30,50,1,39,60,26,58,14,51,31,54,61,23,59,13,8,34,57,20,33,15,12,41,48,40,38,22,6,16,24,11,9,56,49,32,7,62,25,0,5,4,2,3,63,
O:X:8:26,20,29,18,37,34,17,43,33,41,12,25,24,9,0,13,42,1,52,4,2,30,8,61,16,49,51,59,32,10,22,45,3,14,54,46,11,40,44,53,6,21,62,55,60,50,15,7,31,63,57,39,47,58,38,5,48,19,56,23,
O:O:8:19,18,44,29,21,13,22,43,5,53,9,15,42,26,34,11,45,25,23,51,37,0,17,14,7,33,50,58,32,46,4,8,52,24,38,54,20,39,49,10,55,3,41,30,1,61,12,62,31,48,56,6,60,40,2,16,57,59,47,63,
O:O:8:37,45,19,38,39,18,17,9,26,34,43,25,41,50,8,20,59,57,12,16,24,46,2,10,52,4,3,51,21,30,42,1,11,61,53,33,44,55,0,13,47,62,31,40,58,14,32,48,7,49,23,54,63,29,22,5,6,15,60,56,
O:X:8:26,20,37,44,13,17,52,38,43,51,59,34,45,58,25,42,39,29,57,24,18,47,31,60,19,33,50,46,21,12,53,22,10,5,23,2,16,8,1,49,4,9,55,3,48,15,11,6,0,61,30,63,7,56,40,14,54,32,41,62,
O:O:8:44,43,18,29,26,52,45,46,54,25,60,10,50,57,37,42,41,51,17,24,34,53,39,55,9,1,59,49,16,19,61,48,47,31,22,8,62,63,0,15,20,12,58,33,32,11,56,40,3,38,4,13,30,21,5,2,23,6,14,7,
O:O:8:44,43,50,29,34,57,52,51,58,61,60,41,26,53,59,18,19,12,54,45,30,31,9,42,11,10,49,63,22,48,38,0,32,40,33,13,17,16,5,24,1,25,46,62,37,20,14,21,56,6,23,15,7,3,2,4,39,47,55,8,
O:X:8:44,43,18,29,42,20,21,26,22,45,19,41,17,12,3,16,53,14,30,15,13,34,25,61,38,52,60,5,4,31,23,24,47,59,33,2,10,40,7,9,11,46,49,56,48,6,57,37,55,51,58,54,8,1,50,0,39,32,63,62,
O:O:8:44,43,34,25,50,51,26,19,10,17,52,29,37,21,13,1,16,53,45,22,62,5,8,38,15,30,4,24,14,23,31,46,7,3,20,6,47,55,54,41,11,49,60,39,33,59,48,2,12,18,0,40,32,42,58,56,63,57,9,61,
O:X:8:37,45,19,38,54,52,39,18,26,29,44,20,12,34,9,43,13,5,11,47,25,3,53,51,50,10,55,58,2,61,41,16,17,6,24,32,30,4,7,49,33,63,48,23,14,8,42,59,60,0,21,62,46,31,1,22,57,56,40,15,
O:O:8:37,45,53,38,18,61,54,47,46,39,63,19,11,42,31,44,43,9,62,30,49,60,23,22,21,55,26,14,5,34,10,51,52,15,29,3,59,13,0,50,6,2,1,16,33,32,20,56,58,12,4,25,48,40,8,57,41,24,17,7,
O:X:8:19,18,26,34,25,32,41,17,9,43,33,10,1,0,52,16,45,37,11,42,29,30,50,24,20,40,22,58,49,38,51,13,6,54,46,39,63,14,8,60,59,62,61,2,21,57,12,4,31,3,15,7,47,55,53,5,44,23,48,56,
O:O:8:37,45,19,38,54,52,46,18,44,29,39,42,17,47,43,62,60,34,41,49,63,53,55,20,50,26,30,58,33,9,21,51,59,40,57,56,10,12,32,8,4,11,48,5,6,22,15,24,0,25,16,14,61,1,23,31,2,7,3,13,
O:X:8:26,20,13,25,21,12,37,46,4,34,44,51,52,53,24,14,60,3,39,6,2,17,38,62,54,45,29,31,11,59,43,30,8,16,15,47,33,32,40,63,42,7,58,23,55,18,10,5,61,57,22,49,19,41,56,9,0,1,50,48,
O:O:8:37,45,44,43,26,17,25,30,34,20,9,19,52,41,12,53,48,59,62,61,23,8,51,42,50,60,49,58,57,33,54,5,10,56,32,46,47,55,16,40,18,2,4,3,0,24,63,21,13,1,6,39,22,29,38,14,31,15,11,7,
O:X:8:37,45,19,38,39,18,17,9,52,16,44,29,0,2,20,21,11,47,13,43,10,14,15,53,26,7,55,61,22,1,12,5,46,4,51,42,60,34,30,54,23,50,62,31,49,57,33,41,6,58,8,63,48,40,24,56,3,59,25,32,
O:O:8:26,20,45,44,29,38,53,25,21,22,24,42,30,54,63,52,13,11,46,62,39,31,23,17,49,14,7,33,19,6,37,56,51,5,55,59,4,61,34,43,18,32,58,10,1,12,40,41,50,47,9,2,3,0,15,16,8,57,48,60,
O:X:8:44,43,34,25,18,45,50,20,46,51,29,49,58,37,30,31,19,11,33,38,39,52,40,26,22,10,42,23,21,24,61,59,41,13,16,47,60,32,2,9,55,54,15,48,62,57,3,53,12,5,0,17,1,14,4,6,8,63,56,7,
O:X:8:37,45,53,38,39,54,26,61,63,29,30,18,10,19,52,43,20,1,50,33,44,9,34,47,2,17,55,3,12,46,40,60,8,62,11,32,41,16,59,0,25,13,24,51,58,21,4,42,22,23,14,31,49,15,6,5,7,48,56,57,
O:X:8:19,18,44,29,21,13,26,45,46,34,43,52,51,42,41,20,12,37,17,53,60,9,30,59,14,33,10,22,61,40,50,23,8,11,58,3,32,47,15,5,7,24,2,1,0,49,39,62,57,48,55,31,16,25,56,6,63,4,38,54,
O:X:8:44,43,34,25,18,45,54,37,41,20,38,26,50,11,12,13,6,63,4,21,51,46,17,33,62,48,24,59,9,47,30,22,23,19,39,8,40,31,2,1,57,16,56,52,55,15,29,3,0,61,14,53,5,49,42,32,58,7,60,10,
O:X:8:44,43,18,29,30,22,45,37,26,20,14,34,12,17,42,9,21,13,5,54,46,41,63,50,33,32,48,7,8,53,51,38,24,11,58,55,19,4,61,59,0,49,40,10,2,52,31,56,39,16,15,23,60,57,3,62,25,6,47,1,
O:X:8:44,43,26,45,52,59,51,18,37,29,54,50,42,63,57,49,10,17,46,47,41,40,24,56,22,21,34,15,48,9,8,25,38,39,30,23,53,60,11,0,20,4,19,58,3,32,31,13,1,2,12,14,6,5,55,62,16,7,61,33,
O:O:8:19,18,44,29,22,52,26,20,9,30,12,25,53,62,32,10,38,8,60,47,17,45,3,33,43,51,24,15,58,50,40,21,42,1,11,4,2,16,61,59,46,48,54,63,37,55,34,57,0,39,56,41,13,5,6,14,31,23,7,49,
O:X:8:26,20,37,44,21,34,33,29,19,30,52,11,45,25,18,10,32,42,51,53,43,58,3,41,49,60,13,2,54,5,12,56,59,24,14,50,31,15,4,48,9,46,17,1,8,62,57,16,22,38,23,40,47,39,6,7,55,61,63,0,
O:X:8:26,20,45,44,53,54,63,34,21,52,43,38,18,55,29,22,14,9,0,10,11,19,17,51,23,46,47,25,42,3,62,24,8,1,59,30,2,6,39,4,37,13,15,49,50,60,12,58,61,7,41,40,32,31,57,16,48,5,33,56,
O:O:8:26,20,45,44,37,17,51,52,29,21,25,22,59,54,38,53,8,60,11,12,30,47,46,18,3,42,61,24,23,2,50,10,1,15,19,43,49,34,62,58,14,13,57,31,5,55,32,33,16,56,40,6,39,41,63,9,0,4,48,7,
O:X:8:37,45,53,38,44,19,30,52,39,42,59,62,51,60,58,54,34,29,49,56,18,26,40,43,21,31,17,8,10,11,33,57,3,24,16,20,0,2,23,12,50,41,32,14,7,46,13,22,25,15,48,47,55,61,4,63,5,6,1,9,
O:O:8:26,20,29,18,11,12,21,38,13,4,19,43,2,30,31,6,3,25,44,14,42,51,17,9,58,22,45,10,8,49,24,32,33,52,23,40,48,47,34,46,7,50,59,61,37,39,16,60,57,56,53,0,5,15,41,54,55,1,63,62,
O:O:8:26,20,29,18,37,34,19,44,21,12,10,30,46,2,1,38,52,43,51,60,4,42,45,54,22,5,6,14,3,13,41,33,25,17,50,11,8,32,59,49,23,7,24,58,63,9,15,16,48,62,39,40,61,53,0,47,55,31,57,56,
O:O:8:19,18,44,29,21,13,9,42,22,53,43,30,49,10,20,41,51,11,4,15,39,2,3,8,31,12,62,34,37,26,0,14,7,16,24,59,23,57,40,48,56,5,60,61,1,45,25,32,17,33,54,47,63,55,58,46,52,50,38,6,
O:O:8:19,18,17,43,51,34,44,53,45,37,46,20,25,10,60,24,16,33,12,21,11,42,3,26,30,9,50,1,13,58,0,4,41,62,5,52,2,49,56,6,14,48,7,8,59,39,57,32,47,29,54,38,63,22,31,23,55,40,15,61,
O:O:8:37,45,26,18,44,25,24,43,11,20,13,17,19,30,16,10,29,21,54,63,34,32,22,14,23,2,40,8,53,33,3,6,55,15,38,48,41,47,4,5,31,39,7,42,50,1,49,52,62,56,12,61,0,9,60,58,51,59,46,57,
O:X:8:19,18,26,34,42,12,44,50,25,45,10,9,17,16,8,11,20,1,33,41,37,29,22,51,21,43,24,38,40,2,13,0,52,59,53,54,61,23,55,60,47,46,48,4,49,39,58,56,15,57,3,31,30,32,6,7,14,5,63,62,
O:O:8:37,45,53,38,18,61,39,9,52,54,26,51,63,47,0,29,30,34,33,21,20,19,55,40,17,41,12,23,22,10,59,14,13,42,3,44,58,50,62,16,60,46,25,24,7,2,43,8,57,11,15,5,1,49,4,6,48,31,32,56,
O:X:8:19,18,17,43,51,34,41,50,45,21,20,29,37,42,57,10,1,44,13,33,52,6,24,61,26,40,49,46,60,38,47,11,12,53,31,14,5,54,55,59,58,56,7,32,48,62,25,63,9,8,4,3,0,16,22,15,2,30,39,23,
O:X:8:44,43,18,29,45,37,46,52,59,19,30,61,20,54,42,9,0,12,13,41,5,55,40,53,21,10,62,8,39,22,1,63,17,4,3,31,16,47,51,60,15,14,7,26,38,6,34,11,23,50,57,33,58,49,2,56,32,25,48,24,
O:X:8:44,43,50,29,22,52,45,51,20,30,34,15,60,11,21,49,23,31,42,53,37,25,12,26,10,33,56,38,57,14,59,13,5,9,18,19,2,3,47,1,16,39,40,17,6,55,54,63,46,4,0,48,58,7,8,32,41,24,61,62,
O:X:8:37,45,26,18,19,29,46,20,13,25,53,6,9,34,12,55,41,48,21,10,38,43,54,30,1,61,44,39,33,63,5,52,49,0,7,32,24,3,11,50,31,23,8,4,2,16,42,51,57,14,62,60,56,59,22,15,40,47,58,17,
O:X:8:19,18,26,34,42,12,10,20,5,1,37,46,29,44,45,17,55,4,13,21,2,38,53,41,11,22,33,49,16,32,47,54,62,61,50,31,3,6,24,51,23,63,48,9,60,52,40,8,30,15,56,59,14,39,43,7,0,25,57,58,
O:X:8:19,18,37,20,10,44,53,43,42,2,34,45,13,12,4,61,62,46,47,51,21,55,26,29,59,33,17,5,14,16,3,60,24,58,63,52,49,15,8,38,54,41,50,25,6,11,40,56,30,23,22,57,48,39,32,7,31,9,1,0,
O:O:8:19,18,37,20,26,43,50,29,11,25,33,42,41,46,55,17,30,51,12,3,44,13,60,52,24,34,4,58,9,48,45,1,59,5,6,38,0,10,40,49,16,8,47,32,56,14,22,54,2,23,63,62,21,15,39,53,61,31,57,7,
O:X:8:37,45,26,18,44,25,54,53,24,19,43,17,61,51,11,9,42,29,22,62,1,46,59,4,30,16,63,34,8,41,12,21,50,52,40,39,38,57,33,49,13,47,10,48,56,14,15,2,31,20,3,7,55,23,6,32,5,58,60,0,
O:O:8:26,20,21,22,13,18,44,6,12,29,34,3,10,11,4,5,23,2,19,17,1,31,24,25,7,42,14,45,30,53,39,15,41,38,46,32,52,8,49,37,33,43,40,60,9,55,61,48,56,0,16,62,51,50,47,57,59,58,63,54,
O:O:8:26,20,37,44,29,17,25,21,43,34,18,24,13,14,7,51,16,11,19,38,59,10,33,41,32,58,9,5,12,60,30,22,49,6,4,48,46,31,42,8,52,50,3,53,23,2,56,47,54,45,1,63,40,61,62,0,39,15,55,57,
O:X:8:26,20,37,44,21,34,51,14,12,19,10,53,22,13,6,29,43,17,30,3,41,11,25,48,42,58,40,23,9,24,8,15,1,32,7,5,16,50,46,0,59,38,31,18,33,49,4,39,45,2,62,47,54,60,61,63,52,57,56,55,
O:O:8:26,20,37,44,45,46,54,62,38,25,17,9,21,19,63,33,12,53,34,43,42,4,24,41,49,57,51,55,56,50,10,14,58,11,52,59,40,31,7,48,61,60,32,29,47,39,5,22,15,23,1,16,2,13,18,8,30,6,3,0,
O:O:8:26,20,29,18,12,4,37,44,43,45,51,34,17,16,33,22,46,32,15,59,50,41,11,10,19,53,2,13,5,54,9,0,14,47,24,6,8,42,40,1,61,52,60,31,62,30,63,49,57,23,25,38,39,55,3,58,7,56,21,48,
O:X:8:37,45,44,43,52,21,19,11,10,9,42,46,54,53,38,26,1,30,14,55,8,20,29,60,31,22,47,12,23,41,49,13,17,6,33,56,3,39,34,40,48,25,51,5,61,15,18,59,62,0,4,2,16,24,57,58,32,50,7,63,
O:X:8:37,45,53,38,29,43,39,20,50,30,18,46,47,34,33,61,22,41,12,9,32,48,44,31,49,51,42,15,0,19,60,25,58,13,14,11,16,52,56,26,23,55,62,21,17,54,57,59,40,24,6,8,4,1,10,7,2,5,3,63,
O:X:8:19,18,44,29,21,13,17,11,10,43,30,52,45,46,34,37,3,42,20,39,60,33,47,1,9,25,16,53,55,51,50,63,24,12,31,49,6,14,22,15,23,38,54,41,5,62,48,26,7,4,0,8,32,2,61,59,56,40,57,58,
O:X:8:37,45,26,18,19,29,44,10,11,51,1,42,25,24,33,9,38,34,54,46,17,32,22,39,30,55,58,63,52,8,43,3,20,59,60,61,62,0,4,16,2,15,14,57,41,12,5,13,21,6,7,47,23,40,53,31,48,49,50,56,
O:X:8:19,18,37,20,11,34,9,38,46,3,39,0,33,41,26,40,25,55,42,45,4,51,29,31,23,2,32,21,22,17,54,44,43,5,53,62,60,24,59,13,8,10,16,14,63,52,12,1,15,58,47,6,48,49,61,50,30,56,57,7,
O:X:8:26,20,21,22,44,34,12,45,37,42,19,18,46,5,14,29,4,55,9,17,41,0,49,54,10,53,16,50,52,32,6,1,51,25,47,13,43,58,57,15,33,59,48,24,31,56,60,11,8,23,40,38,3,61,30,7,62,63,2,39,
O:X:8:37,45,26,18,44,25,24,43,11,20,21,17,29,22,16,38,30,23,42,41,39,14,12,8,51,31,10,13,47,50,19,60,52,61,40,3,6,33,49,54,57,55,34,7,53,58,32,9,59,62,2,0,1,56,4,48,63,5,46,15,
O:X:8:44,43,34,25,19,11,33,37,50,41,32,48,17,45,30,9,46,52,59,26,10,3,42,51,8,55,1,24,20,53,62,13,39,29,49,56,38,23,2,40,18,47,31,58,21,16,57,61,4,60,54,12,22,63,15,6,14,0,7,5,
O:O:8:44,43,34,25,51,29,18,37,32,53,41,42,33,19,21,9,38,30,26,50,10,13,17,48,8,58,59,24,20,52,45,40,14,39,16,1,23,11,61,62,2,54,6,5,4,22,56,46,55,49,63,12,0,60,57,15,31,3,7,47,
O:O:8:26,20,13,25,17,43,24,6,44,34,42,49,37,45,50,30,38,57,56,31,46,52,29,18,53,16,51,21,14,59,33,32,5,4,19,48,41,10,47,39,22,23,7,55,9,62,15,8,3,40,0,1,58,12,54,60,61,63,2,11,
O:O:8:19,18,26,34,25,32,44,20,24,43,11,4,9,16,41,48,33,37,40,0,29,42,10,17,30,45,54,3,51,46,38,47,21,62,55,13,56,60,14,15,53,22,6,12,39,52,2,1,50,59,5,61,58,57,23,7,8,49,63,31,
O:X:8:44,43,34,25,33,29,17,45,51,50,53,41,37,61,21,52,38,39,62,9,30,63,46,22,49,54,32,59,19,20,31,18,11,23,60,26,16,2,42,24,58,48,1,40,12,4,55,47,14,13,57,10,6,8,5,56,0,15,3,
O:X:8:44,43,42,51,18,41,59,60,58,57,49,33,40,19,10,9,26,45,46,24,0,37,52,56,50,11,30,55,4,29,21,1,48,54,63,25,17,31,23,14,20,12,38,15,22,32,3,53,47,2,61,16,7,62,34,39,8,6,5,13,
O:X:8:37,45,44,43,26,17,51,53,34,30,23,42,52,60,49,29,50,41,54,61,18,47,21,57,63,14,33,25,12,38,46,13,48,59,15,7,5,31,32,39,8,11,62,55,24,56,20,40,58,16,2,19,22,0,3,4,9,1,10,6,
O:O:8:44,43,18,29,30,22,42,26,25,9,11,20,12,13,19,17,1,50,45,46,15,16,51,31,14,3,4,59,47,24,58,6,33,37,2,34,21,38,41,57,49,32,7,48,23,53,5,39,56,55,63,10,54,52,40,0,61,62,60,8,
O:X:8:26,20,21,22,45,44,29,46,43,17,13,37,53,18,9,50,38,0,52,54,39,47,15,6,25,59,11,33,57,14,4,60,63,2,34,5,12,3,30,41,8,7,16,23,40,61,1,51,31,19,49,48,10,32,55,24,42,56,58,62,
O:O:8:19,18,26,34,17,21,25,10,43,44,29,8,14,51,59,32,37,53,2,30,20,11,38,12,31,39,42,23,46,50,58,1,47,41,52,49,9,55,0,4,57,45,3,7,40,48,5,13,6,22,15,33,56,54,63,16,61,60,24,62,
O:X:8:19,18,26,34,25,32,44,20,10,2,33,29,30,42,17,52,53,31,41,48,49,50,60,16,21,62,39,47,51,37,57,58,54,56,8,9,12,40,45,55,0,24,61,59,63,23,46,11,3,13,15,43,4,38,22,14,1,6,5,7,
O:O:8:19,18,37,20,11,34,25,38,12,16,43,13,39,3,21,45,5,6,52,54,53,29,10,17,1,47,14,22,7,31,55,61,26,4,8,2,23,30,41,24,63,48,32,42,50,0,51,59,9,58,49,40,33,44,56,60,46,15,57,62,
O:O:8:26,20,37,44,45,46,12,17,55,21,22,18,53,30,9,14,43,52,7,1,25,50,60,54,62,33,38,34,57,63,41,4,0,59,61,39,8,19,24,16,2,23,10,42,32,5,13,47,51,58,15,49,31,56,29,11,3,48,40,6,
O:O:8:26,20,21,22,37,42,12,38,30,19,29,17,25,4,44,43,49,39,23,34,3,52,14,50,5,13,53,46,58,33,45,56,11,15,60,51,7,59,57,41,48,40,18,61,16,8,9,31,47,54,55,6,0,32,24,1,62,10,2,63,
O:O:8:44,43,18,29,30,22,26,38,42,25,37,49,23,46,19,53,21,50,45,14,47,55,20,10,7,13,24,12,31,34,9,8,63,17,41,6,16,15,33,48,62,11,40,61,0,39,58,51,54,1,57,32,3,4,56,2,60,52,5,59,
O:X:8:44,43,42,51,34,25,19,45,33,26,24,11,54,63,46,29,37,38,3,30,39,53,60,52,61,50,21,31,49,18,62,41,17,47,32,12,14,56,57,7,55,48,5,59,40,9,1,20,22,0,23,10,8,16,58,6,15,13,4,2,
O:X:8:19,18,44,29,37,45,17,10,3,1,30,34,33,24,16,31,2,51,32,26,53,4,22,9,58,61,8,0,38,13,14,25,54,46,20,55,47,23,60,59,62,39,12,40,41,50,49,5,11,42,43,63,6,52,48,56,57,15,21,7,
O:X:8:26,20,29,18,10,38,30,9,12,22,8,11,19,25,37,0,34,41,24,43,21,2,1,5,44,46,17,52,23,33,48,13,14,6,47,42,50,49,32,39,57,51,45,55,15,58,53,40,3,16,54,59,56,60,62,4,61,31,63,7,
O:X:8:26,20,29,18,37,34,33,30,23,45,44,31,12,13,10,11,22,21,39,25,54,14,4,53,17,3,9,2,38,24,6,15,52,46,8,43,1,19,16,50,55,41,49,48,42,61,57,60,47,63,59,58,51,40,32,56,62,0,7,5,
O:X:8:37,45,53,38,26,52,51,61,44,34,43,60,29,19,54,33,32,46,47,50,58,21,30,39,57,40,62,20,11,63,31,24,25,49,55,16,41,48,42,59,13,10,56,22,9,4,15,3,8,1,17,14,23,18,6,0,12,7,5,2,
O:X:8:44,43,50,29,20,51,34,19,30,33,32,57,18,45,54,46,38,47,52,37,58,61,55,42,53,24,39,26,17,22,21,16,49,62,11,12,31,56,48,10,4,41,1,13,8,9,2,0,14,7,63,59,6,5,3,15,23,60,40,25,
O:O:8:44,43,34,25,42,29,18,52,21,26,37,30,32,16,39,49,24,10,61,20,19,40,46,14,12,23,2,50,38,4,56,11,5,1,51,17,9,3,13,22,15,53,45,47,31,60,59,57,8,58,33,54,0,41,48,6,63,7,55,62,
O:X:8:44,43,26,45,52,59,51,18,53,42,33,34,46,62,54,63,25,21,29,41,48,16,38,20,37,24,40,47,31,30,49,50,17,56,58,8,22,14,55,57,23,60,5,7,6,39,11,13,19,4,9,1,0,12,2,32,10,3,61,15,
O:X:8:44,43,26,45,51,20,21,18,19,58,29,22,13,50,23,25,52,53,38,30,54,14,37,6,11,31,32,63,61,46,57,2,60,42,47,15,34,55,3,41,12,9,7,5,62,24,59,49,10,1,8,56,4,40,0,17,48,33,16,39,
O:X:8:19,18,44,29,21,13,22,43,34,42,5,53,49,25,52,61,26,17,10,37,16,33,50,14,45,46,47,38,32,55,60,9,8,39,23,30,20,59,62,0,31,24,11,40,1,41,63,7,57,58,12,2,51,4,56,54,6,48,3,15,
O:O:8:37,45,19,38,46,29,30,31,44,52,47,18,59,11,43,51,26,22,14,60,53,61,9,34,20,21,3,23,62,2,33,25,42,41,54,58,15,16,1,5,6,55,17,10,57,39,13,4,63,24,32,8,12,0,49,48,40,7,56,50,
O:O:8:37,45,53,38,44,19,18,43,31,9,42,54,20,62,17,51,0,29,46,50,63,55,34,26,60,11,58,30,12,8,39,21,16,13,52,1,4,49,56,33,57,3,22,25,10,14,47,6,15,41,32,48,24,7,59,61,23,40,2,5,
O:O:8:37,45,53,38,39,54,55,43,26,19,12,31,18,11,10,9,23,25,17,63,34,29,30,33,1,8,24,13,51,50,3,61,44,59,62,20,40,52,21,4,57,22,47,42,14,58,0,2,16,32,49,5,46,7,6,56,60,15,41,48,
O:O:8:37,45,44,43,34,20,51,33,25,42,32,29,13,26,38,41,53,46,50,60,59,39,61,62,63,6,52,40,18,17,24,16,12,49,56,48,58,21,54,57,31,47,55,10,19,3,11,9,0,8,30,4,2,22,14,23,5,15,1,7,
O:X:8:44,43,42,51,58,37,26,52,60,34,30,41,33,29,49,40,48,31,45,59,50,25,22,53,23,54,32,61,20,12,63,46,47,38,13,14,24,15,19,11,6,5,3,17,9,7,4,2,10,56,21,57,62,18,1,0,8,16,55,39,
O:X:8:37,45,26,18,10,9,53,11,44,34,19,20,1,52,43,51,50,38,21,2,42,59,41,22,0,29,14,58,25,48,61,24,15,16,57,62,63,17,12,33,54,56,40,32,60,49,46,5,39,30,4,3,23,13,6,47,55,31,8,7,
O:X:8:19,18,17,43,44,53,51,42,62,45,50,21,41,10,54,37,2,49,26,34,30,20,11,38,31,23,29,16,57,63,24,61,8,3,46,39,9,1,12,0,47,55,25,33,14,52,32,58,40,5,60,48,59,22,7,13,15,56,4,6,
O:X:8:44,43,26,45,52,59,54,46,51,18,53,50,34,42,38,31,30,58,37,47,33,61,17,41,60,29,40,49,10,2,62,24,25,48,21,22,63,16,57,56,15,12,23,13,9,39,19,32,5,7,1,20,11,55,14,4,8,6,3,0,
O:X:8:44,43,18,29,30,22,26,38,31,9,47,45,37,23,50,39,53,20,11,51,0,62,52,25,34,57,32,33,49,10,21,61,42,13,12,55,6,19,41,24,15,40,14,58,1,4,5,46,54,8,48,60,16,7,3,63,17,56,59,2,
O:X:8:19,18,44,29,22,52,26,20,13,12,21,37,43,5,11,4,3,25,53,31,6,42,41,49,9,2,45,40,23,7,60,62,46,51,24,14,34,32,33,10,39,59,56,57,58,30,48,16,17,55,47,15,1,50,38,54,61,0,8,63,
O:X:8:37,45,44,43,26,17,25,30,52,51,46,47,23,29,54,24,34,42,16,50,41,31,20,19,38,55,59,40,22,53,33,21,48,14,15,56,7,12,5,4,8,61,18,10,13,0,3,57,9,11,62,63,2,1,49,39,60,32,58,6,
O:O:8:37,45,53,38,29,43,47,20,18,46,13,12,11,4,39,61,54,44,42,51,19,41,21,55,59,50,32,25,2,10,60,22,30,31,62,57,49,26,15,23,63,58,3,33,14,34,1,52,56,0,16,17,48,6,8,9,5,40,7,24,
O:X:8:19,18,17,43,26,9,44,20,10,29,8,42,30,34,50,45,37,11,53,25,16,46,12,13,6,60,33,58,61,24,55,39,41,1,57,51,3,49,52,21,54,32,22,15,48,4,23,0,14,62,63,38,40,5,47,2,7,31,59,56,
O:X:8:26,20,29,18,43,38,22,34,47,52,11,45,25,16,50,9,44,42,24,57,8,15,60,2,41,51,54,46,0,30,59,63,53,40,13,19,33,32,37,49,55,12,10,3,23,14,6,17,62,1,4,39,48,31,21,61,58,56,7,5,
O:X:8:37,45,44,43,52,21,34,41,14,29,22,61,19,20,26,38,46,53,30,11,60,17,18,25,48,7,3,39,31,15,32,55,33,10,23,40,24,9,1,8,6,47,54,51,59,50,62,16,49,0,42,63,12,4,2,13,56,5,58,57,
O:X:8:37,45,53,38,19,34,43,50,39,29,20,13,11,3,57,52,6,21,26,44,42,18,60,54,10,59,46,22,62,63,4,9,51,41,55,31,33,12,0,47,30,23,14,61,48,24,58,40,2,49,5,56,32,17,15,25,16,7,8,1,
O:X:8:44,43,18,29,42,20,45,52,30,9,11,12,21,34,0,46,4,50,60,53,38,61,39,13,62,14,25,41,19,47,55,22,7,3,2,37,23,16,6,15,54,26,32,31,49,63,33,5,10,24,51,59,8,58,17,40,56,1,48,57,
O:O:8:19,18,17,43,45,11,10,21,4,1,2,9,8,54,51,20,0,59,29,22,34,16,30,37,44,31,63,53,23,33,50,49,42,12,14,52,61,26,32,13,39,7,6,40,58,46,38,57,48,47,25,3,24,62,60,55,56,41,5,15,
O:O:8:19,18,17,43,26,9,42,11,51,20,37,44,29,34,25,33,32,52,50,40,10,30,21,3,48,57,39,22,8,49,53,58,16,60,14,31,1,54,46,13,59,12,15,24,2,6,5,38,41,4,45,47,55,56,23,62,63,0,61,7,
O:X:8:44,43,50,29,26,51,22,25,20,49,57,21,18,30,59,37,17,52,31,42,32,9,11,33,24,19,34,40,12,38,48,13,16,10,53,60,2,54,6,15,47,1,55,56,23,61,5,39,45,63,41,58,46,14,3,4,8,7,0,62,
O:O:8:26,20,21,22,12,3,37,19,5,42,13,4,43,34,25,18,10,38,2,29,50,1,44,11,47,17,8,45,0,16,31,49,41,40,48,32,46,9,24,52,51,58,14,30,61,23,15,39,59,60,53,56,57,6,33,7,55,54,63,62,
O:X:8:19,18,17,43,42,29,21,13,51,50,37,11,49,16,44,59,14,30,38,56,23,57,20,15,34,12,7,26,33,45,25,31,46,24,2,3,4,5,58,39,53,1,6,47,8,9,10,52,61,22,41,40,48,0,54,55,63,62,32,60,
O:X:8:44,43,50,29,34,57,19,18,42,20,58,59,11,2,21,12,4,26,10,14,7,3,25,33,38,1,32,22,41,51,0,17,30,49,24,52,61,9,8,16,13,37,48,45,60,62,40,53,54,46,55,15,31,5,23,6,63,56,39,47,
O:X:8:19,18,37,20,9,44,11,26,33,46,45,17,52,60,13,4,16,10,3,8,29,24,25,22,6,12,59,2,5,54,34,42,40,38,41,14,31,43,53,30,62,55,49,7,50,23,15,32,47,61,51,57,1,39,58,56,48,21,0,63,
O:O:8:44,43,26,45,51,20,54,34,33,58,52,37,13,60,53,46,62,32,29,38,61,22,25,11,40,41,30,59,49,48,12,17,2,6,18,19,14,31,23,57,10,5,24,15,50,63,55,47,39,8,7,21,42,4,9,16,3,1,56,0,
O:X:8:44,43,26,45,52,59,46,29,60,18,10,38,30,61,19,47,42,9,37,34,54,53,33,2,0,11,4,40,32,41,48,23,51,8,25,63,62,58,1,16,57,22,17,31,21,50,24,55,49,39,3,56,20,12,5,15,7,14,13,6,
O:O:8:19,18,37,20,11,34,9,38,29,2,46,17,21,14,41,1,47,33,3,49,48,10,43,42,57,39,45,52,54,40,0,56,24,51,22,13,31,30,59,62,6,44,23,60,55,58,63,15,50,4,26,25,5,12,7,53,61,8,32,16,
O:X:8:19,18,37,20,12,43,10,21,9,1,51,3,4,42,11,59,50,49,34,5,57,44,52,45,22,29,30,46,2,58,56,41,61,13,40,33,26,0,60,15,25,48,16,8,32,24,55,39,17,53,38,54,47,62,14,63,6,7,31,23,
O:O:8:44,43,34,25,33,29,17,45,51,50,19,59,54,42,30,37,49,24,52,9,38,61,41,60,1,20,13,46,47,57,58,53,56,16,21,40,26,63,55,22,62,23,48,39,14,15,31,2,32,5,7,12,8,0,18,10,11,3,4,6,
O:O:8:19,18,17,43,45,11,50,16,10,21,34,51,12,49,24,2,57,37,29,32,25,41,52,38,33,9,47,42,46,61,14,60,59,48,26,22,23,58,3,8,62,39,40,55,0,53,1,13,20,31,6,5,15,44,30,56,54,63,4,7,
O:X:8:26,20,13,25,17,43,34,8,24,12,51,50,9,41,33,42,37,14,21,29,19,45,48,40,58,18,30,49,3,10,11,31,57,4,22,60,39,38,32,44,46,2,1,0,52,54,7,59,55,15,61,47,6,16,53,5,23,63,62,56,
O:O:8:37,45,26,18,19,29,46,20,9,43,54,33,30,10,42,31,17,24,23,8,11,2,12,41,49,57,50,15,32,63,53,5,62,40,21,55,34,51,16,48,25,44,0,13,4,39,3,61,52,47,1,60,14,6,38,22,7,59,56,58,
O:O:8:26,20,21,22,12,3,37,19,13,42,29,44,10,33,11,17,45,4,6,54,43,30,5,2,38,31,41,51,15,49,50,14,58,7,48,60,46,53,34,39,47,52,59,55,23,25,24,16,18,9,62,57,56,63,61,32,40,1,0,8,
O:X:8:44,43,18,29,42,20,30,34,11,53,41,33,24,21,26,40,45,13,50,39,14,51,60,19,48,22,23,31,5,4,46,2,38,12,25,32,52,54,3,58,55,49,9,17,37,0,56,63,1,47,10,16,62,15,59,6,7,61,8,57,
O:O:8:19,18,17,43,51,34,42,9,25,32,16,11,20,29,37,50,21,59,4,33,45,38,47,53,52,54,63,10,1,55,49,13,41,2,30,44,5,6,46,8,12,0,7,58,14,57,60,15,22,61,23,24,40,31,39,62,3,48,56,26,
O:O:8:19,18,37,20,10,44,26,1,12,43,29,17,52,34,9,21,30,4,41,25,2,46,13,23,24,61,55,53,62,22,0,11,42,33,60,14,6,32,40,45,31,8,7,38,15,51,39,59,5,63,50,49,58,47,54,57,3,16,48,56,
O:O:8:19,18,17,43,45,11,26,21,20,8,51,10,2,4,14,29,16,12,3,1,25,30,22,6,39,24,15,44,7,31,42,13,33,40,5,46,53,60,0,34,9,61,50,49,59,58,38,23,56,48,54,41,52,37,32,55,47,63,62,57,
O:X:8:44,43,18,29,51,50,37,45,38,58,54,53,59,42,46,55,30,47,41,26,61,62,57,10,9,22,52,49,39,0,21,60,15,32,25,20,33,13,31,14,7,19,17,24,2,40,6,12,23,48,4,3,1,56,63,5,34,11,16,8,
O:O:8:44,43,50,29,18,52,22,19,26,33,10,2,25,21,53,34,14,32,41,30,1,62,39,59,20,37,46,45,51,15,54,38,23,42,7,58,9,61,63,31,48,6,24,11,17,12,55,0,13,49,5,4,8,16,47,3,56,40,60,57,
O:O:8:26,20,37,44,53,42,13,38,29,19,45,62,52,59,39,6,49,25,10,47,22,31,46,43,55,54,21,1,23,11,34,15,17,9,8,56,4,24,61,33,63,50,7,60,2,3,0,14,41,51,12,30,40,32,16,18,5,57,58,48,
O:X:8:44,43,34,25,50,51,58,37,42,52,29,41,32,40,49,19,18,21,14,57,60,45,38,16,11,24,56,47,33,48,30,22,15,59,61,20,26,10,12,2,8,13,46,7,9,53,62,23,39,3,17,54,4,6,1,31,5,63,55,0,
O:O:8:19,18,17,43,42,29,51,49,41,9,21,13,57,50,58,20,37,40,32,60,14,44,48,16,22,45,4,56,46,6,52,24,10,38,33,23,5,2,7,54,11,59,15,3,26,34,0,30,25,12,53,8,1,62,39,47,63,31,55,61,
O:O:8:37,45,19,38,54,52,39,18,59,34,9,21,33,44,51,42,26,63,14,60,50,32,53,20,12,0,17,5,10,23,24,13,8,62,25,2,43,22,7,29,15,47,31,58,41,11,49,40,61,46,55,1,3,16,4,57,56,48,6,30,
O:X:8:37,45,44,43,52,21,19,11,50,51,26,53,42,46,61,34,59,18,54,60,47,38,10,57,39,2,41,20,17,29,3,58,9,0,14,32,56,25,49,22,12,7,33,48,15,62,63,55,1,31,6,4,5,8,13,30,16,24,40,23,
O:O:8:26,20,45,44,21,34,19,25,18,29,37,14,41,11,13,42,52,60,51,48,2,54,53,3,7,50,49,38,12,1,40,15,56,22,30,43,4,32,47,39,33,5,61,17,31,24,57,62,10,63,58,59,23,9,16,8,55,46,0,6,
O:X:8:37,45,19,38,54,52,46,18,9,62,55,34,43,10,21,50,53,20,59,8,39,63,51,42,49,26,25,32,13,33,29,44,41,12,60,22,30,5,1,31,4,58,47,2,40,61,14,0,17,57,24,23,6,7,11,16,56,3,15,48,
O:X:8:37,45,26,18,44,25,53,54,55,62,51,21,9,52,32,50,34,17,43,19,10,20,59,1,42,38,14,63,11,12,57,58,3,7,46,24,61,4,0,30,31,40,5,13,29,60,16,6,2,56,15,22,48,23,41,47,49,33,39,8,
O:O:8:37,45,53,38,18,61,54,47,63,52,51,19,20,9,39,31,34,29,0,43,46,11,10,21,12,55,44,25,32,2,3,1,62,26,23,59,50,42,33,57,60,17,13,41,16,24,49,40,30,8,58,6,14,4,56,22,48,5,15,7,
O:O:8:26,20,37,44,13,17,25,12,53,24,34,42,19,21,4,5,22,18,41,62,6,30,29,43,38,39,45,52,47,23,46,54,11,10,15,50,59,58,33,40,2,55,32,1,63,3,14,51,0,60,31,16,9,48,56,8,49,57,61,7,
O:X:8:37,45,19,38,39,18,44,29,17,42,26,47,46,34,50,49,30,8,16,10,9,31,0,55,2,1,21,20,11,22,43,51,41,53,57,48,25,12,23,3,58,14,40,15,13,56,33,32,62,5,54,60,59,52,4,63,61,24,6,7,
O:O:8:19,18,26,34,25,32,42,43,33,41,17,21,51,60,29,12,11,30,16,37,44,3,22,52,49,24,4,15,61,40,14,7,45,20,38,13,10,8,23,58,59,39,31,9,0,2,6,46,56,5,54,50,1,48,53,55,57,47,62,63,
O:X:8:44,43,50,29,18,52,30,19,10,9,42,57,58,34,45,53,25,41,51,60,48,32,62,21,26,46,56,17,0,22,61,33,38,47,31,12,37,11,20,8,16,40,5,49,23,24,2,14,55,63,59,54,15,13,39,3,6,7,1,4,
O:X:8:19,18,26,34,45,54,33,21,37,11,14,46,9,25,17,44,29,32,42,16,40,13,10,48,12,49,8,5,43,52,51,23,24,58,30,0,3,4,61,60,55,31,39,47,6,1,15,41,56,62,59,50,2,7,20,63,22,38,57,53,
O:O:8:19,18,17,43,44,53,42,29,62,34,37,41,40,48,26,9,21,30,39,32,10,1,12,31,45,50,51,13,23,25,20,60,5,22,59,4,6,11,33,61,49,14,3,52,57,24,2,38,0,8,15,56,47,63,16,58,7,46,54,55,
O:X:8:26,20,29,18,12,4,19,34,11,3,2,1,13,38,44,14,33,52,37,40,51,45,32,53,5,42,23,24,21,30,41,60,49,58,9,16,17,43,56,10,25,6,54,50,39,31,8,47,55,0,61,7,22,57,48,62,15,59,46,63,
O:X:8:26,20,29,18,37,34,12,38,45,13,33,41,17,44,11,8,49,46,43,42,39,31,21,48,51,57,23,40,10,60,54,9,59,52,2,25,50,4,47,58,61,14,5,30,16,32,53,0,22,55,62,15,3,19,7,1,56,6,24,63,
O:O:8:19,18,26,34,33,20,42,25,10,41,29,1,45,21,2,38,12,37,0,17,22,50,40,23,49,52,39,47,59,4,31,43,9,61,3,24,5,57,13,6,15,46,32,58,51,30,44,14,16,60,53,48,7,8,55,54,62,11,56,63,
O:O:8:37,45,19,38,44,51,46,26,33,20,30,29,54,23,21,55,42,10,39,25,34,53,11,50,24,22,49,17,1,12,52,18,14,3,16,13,9,56,43,2,61,62,41,58,57,40,48,5,7,60,32,6,31,47,59,8,4,15,0,63,
O:X:8:37,45,53,38,39,54,19,20,63,10,12,21,30,4,13,43,11,5,42,14,34,41,50,58,1,2,15,29,26,47,46,18,17,44,55,33,49,57,40,24,8,3,6,62,22,16,52,61,25,59,9,32,48,23,60,31,51,0,56,7,
O:O:8:37,45,19,38,39,18,17,9,26,34,43,25,44,53,54,52,33,46,0,31,50,55,16,32,40,57,24,47,42,8,61,60,10,2,59,21,14,20,29,51,1,22,12,4,5,11,23,13,30,41,63,48,58,15,56,6,3,62,7,49,
O:O:8:19,18,26,34,41,21,25,20,37,43,52,17,9,16,13,32,11,4,10,51,8,22,23,53,61,12,5,38,29,33,24,31,59,50,44,0,49,48,30,1,45,6,39,47,42,2,46,62,60,14,3,55,63,54,58,57,7,15,40,56,
O:X:8:19,18,17,43,44,53,52,9,50,21,1,45,62,61,26,34,51,16,60,59,29,0,8,11,25,33,58,49,41,37,57,48,20,2,54,13,10,63,24,56,46,30,38,40,22,55,6,5,12,14,4,32,39,47,23,3,31,7,15,42,
O:X:8:26,20,29,18,10,38,45,43,44,34,30,25,51,54,33,59,47,41,12,31,32,13,50,16,46,2,37,11,62,55,9,42,52,53,63,19,21,61,24,49,4,8,1,0,57,40,60,58,14,56,39,7,48,3,23,17,15,6,5,22,
O:X:8:44,43,26,45,54,29,51,46,53,25,38,59,37,30,42,62,18,10,21,52,61,34,60,14,23,49,19,22,9,58,32,11,15,0,17,33,39,55,50,31,57,20,3,2,24,41,12,4,13,1,40,5,6,47,8,48,63,16,56,7,
O:X:8:37,45,53,38,39,54,19,20,63,10,21,34,1,44,18,30,29,46,52,22,23,13,5,6,33,17,12,31,14,47,26,41,4,60,11,55,8,7,48,32,25,24,59,58,42,49,43,9,61,3,56,40,57,0,62,15,2,50,51,16,
O:O:8:44,43,26,45,54,29,37,53,51,18,30,42,19,11,9,46,33,21,3,55,38,17,34,0,25,41,63,31,62,60,49,20,47,39,14,52,59,12,8,2,23,7,1,57,56,16,5,50,61,4,24,48,10,6,58,40,13,32,22,15,
O:X:8:37,45,44,43,26,17,54,19,50,29,51,52,10,49,25,42,9,18,41,0,61,32,57,33,24,12,40,20,58,46,38,1,5,53,30,56,62,22,14,16,11,15,48,60,2,39,59,21,31,23,34,63,55,6,8,47,7,3,4,13,
O:O:8:19,18,17,43,26,9,42,11,10,41,3,20,0,2,45,8,13,34,33,16,52,6,51,32,12,29,25,50,49,59,24,44,30,57,56,46,38,60,47,22,1,4,5,31,21,14,54,37,39,23,15,63,58,48,62,61,53,7,40,55,
O:O:8:44,43,34,25,18,45,53,20,32,37,46,29,52,61,13,59,19,38,54,47,21,14,22,42,39,16,60,26,49,15,41,17,30,62,63,5,55,33,9,23,6,40,51,31,10,8,4,50,58,24,12,57,48,2,56,11,3,7,0,1,
O:O:8:19,18,26,34,43,29,21,11,10,52,12,5,37,2,51,59,33,46,20,40,9,38,55,16,3,13,4,45,25,24,17,41,32,1,50,48,39,49,22,15,31,6,57,58,56,30,23,42,44,53,8,14,54,63,7,47,60,61,0,62,
O:X:8:37,45,26,18,53,34,9,21,43,52,25,54,33,0,51,29,10,16,42,32,44,49,24,59,58,41,8,50,30,39,13,11,63,57,40,12,4,2,48,19,20,56,22,3,14,60,5,62,17,38,31,6,46,1,7,15,23,47,61,55,
O:O:8:37,45,53,38,46,29,19,34,33,61,44,39,55,52,21,47,60,51,62,43,59,32,25,50,31,14,49,30,22,18,16,23,26,17,7,54,13,48,20,12,4,15,63,3,58,42,24,11,8,6,57,40,9,41,56,5,2,1,10,0,
O:X:8:37,45,26,18,44,25,53,54,55,62,42,34,24,20,11,38,52,60,43,63,19,41,50,2,61,47,39,51,21,59,58,31,32,29,30,22,4,16,15,17,8,23,33,3,10,7,46,48,12,5,49,13,14,56,40,1,9,0,6,57,
O:O:8:26,20,13,25,21,12,19,44,45,30,4,46,34,5,16,42,41,24,6,40,29,18,3,37,39,33,48,22,54,56,15,53,10,11,38,17,52,8,9,61,62,43,50,1,32,51,59,23,49,60,0,63,31,57,14,55,2,7,58,47,
O:X:8:44,43,34,25,42,29,20,13,22,30,19,10,31,37,12,53,16,49,56,23,4,39,26,14,62,50,38,41,58,11,15,17,52,51,46,60,1,7,5,48,54,45,2,9,47,63,57,61,33,24,59,8,40,32,55,21,3,18,6,0,
O:O:8:26,20,21,22,13,18,31,34,29,12,43,6,5,37,25,4,42,33,40,52,51,38,10,30,14,24,53,32,17,3,46,50,58,41,11,57,16,9,19,45,49,56,44,54,60,8,7,23,0,2,39,62,63,48,59,47,15,61,1,55,
O:O:8:37,45,44,43,54,63,42,34,26,21,51,29,46,55,38,25,14,50,33,59,20,22,23,18,9,10,19,11,24,0,60,61,30,31,17,49,56,52,53,58,3,48,39,4,62,16,40,41,8,2,32,15,12,6,7,1,57,13,47,5,
O:O:8:19,18,37,20,26,43,9,34,12,17,42,29,25,13,52,38,39,46,21,51,44,45,60,31,14,59,55,30,53,54,63,16,50,41,57,5,24,11,33,40,22,8,48,0,3,10,32,7,58,62,4,2,15,6,47,23,1,56,61,49,
O:O:8:37,45,26,18,53,34,33,43,20,32,51,44,42,12,25,60,9,54,58,52,24,0,61,30,47,50,29,21,4,17,57,40,11,3,1,10,31,62,48,5,22,8,19,23,14,38,49,16,46,15,41,55,63,6,13,39,59,2,7,56,
O:X:8:26,20,45,44,29,38,30,54,37,21,46,39,31,42,34,25,13,43,47,5,6,55,4,22,50,52,14,18,23,15,53,7,24,60,33,16,9,2,61,12,32,62,8,58,0,19,51,40,10,41,59,48,57,11,17,3,63,49,56,1,
O:X:8:26,20,45,44,43,52,13,50,53,42,29,21,41,30,38,22,59,57,51,54,46,37,15,47,58,33,14,40,62,6,61,25,23,5,32,19,10,63,17,24,55,18,49,16,8,1,12,48,34,9,39,60,11,31,56,2,4,3,0,7,
O:X:8:19,18,44,29,21,13,26,45,30,11,12,52,53,37,46,38,3,25,32,34,54,61,51,10,33,47,14,39,1,59,31,43,20,15,50,60,17,24,7,22,16,23,5,9,8,40,42,57,48,4,6,0,63,58,49,56,2,41,55,62,
O:O:8:26,20,29,18,12,4,37,44,11,17,25,33,8,21,32,38,47,30,53,24,45,42,22,31,13,9,0,40,41,43,23,61,50,39,19,58,62,52,54,3,5,14,6,46,57,7,15,34,51,16,2,56,49,59,60,10,48,55,63,1,
O:O:8:37,45,19,38,54,52,46,18,39,29,17,63,20,30,21,11,4,13,55,16,5,6,10,31,7,3,25,42,44,2,23,14,26,34,53,61,32,47,59,12,49,56,60,33,1,62,24,51,43,50,58,41,57,9,22,40,48,15,0,8,
O:O:8:44,43,18,29,42,20,13,49,22,12,11,19,26,21,34,5,50,41,37,17,40,3,48,30,9,52,33,31,51,38,6,53,47,58,59,1,54,7,14,4,8,15,10,57,46,24,25,55,63,60,62,16,32,39,61,0,56,45,23,2,
O:X:8:37,45,26,18,19,29,10,1,30,22,54,23,15,17,11,44,33,63,46,20,31,47,8,24,43,21,12,42,50,2,34,5,52,60,9,58,13,51,59,0,53,6,14,38,57,62,7,49,55,39,16,4,32,40,56,25,41,48,61,3,
O:X:8:44,43,42,51,58,37,30,41,49,57,26,45,56,19,34,33,11,29,46,38,22,59,52,31,50,53,32,48,39,10,12,13,21,18,17,23,54,9,25,24,5,14,4,16,61,40,8,3,15,1,20,7,2,6,60,47,55,63,62,0,
O:X:8:44,43,42,51,34,25,19,45,52,50,33,61,60,18,20,41,9,53,24,12,37,26,46,47,39,38,17,0,11,16,54,31,30,63,5,32,62,59,49,58,29,48,10,55,56,3,1,40,4,22,23,6,21,13,14,2,8,15,57,7,
O:O:8:26,20,21,22,44,34,42,29,13,4,38,19,11,37,15,31,45,10,6,12,2,46,5,30,9,25,14,54,62,43,50,49,48,52,53,3,33,8,24,17,16,40,32,23,59,39,47,61,18,56,51,1,60,55,57,41,63,7,58,0,
O:O:8:26,20,21,22,13,18,37,19,12,29,14,25,33,6,17,11,23,42,44,40,7,45,41,34,43,38,39,24,32,10,5,46,9,15,31,48,30,49,52,50,54,55,16,8,58,51,47,61,63,62,56,57,1,3,4,59,53,2,0,60,
O:O:8:37,45,26,18,10,9,19,20,13,1,21,12,29,22,11,38,54,52,46,14,5,47,7,63,8,6,39,43,62,17,24,42,55,4,0,25,59,53,33,3,44,40,49,51,50,31,41,58,56,61,60,30,2,34,15,48,23,57,16,32,
O:O:8:44,43,34,25,26,29,37,46,33,45,16,41,49,40,32,42,48,24,50,8,17,58,52,61,38,30,39,31,54,47,63,9,19,53,62,55,0,10,21,20,1,18,12,4,5,13,51,57,11,6,14,3,59,23,60,2,56,22,7,15,
O:X:8:37,45,44,43,51,59,58,21,53,62,61,54,63,38,55,57,26,34,46,47,42,17,29,49,33,40,31,20,19,10,11,2,3,41,8,52,22,24,39,12,56,4,50,23,32,60,18,48,14,13,16,15,7,0,5,9,25,30,1,6,
O:X:8:19,18,26,34,41,21,43,50,14,44,51,20,59,42,29,48,49,45,17,25,32,10,33,58,46,60,57,13,11,3,1,24,2,47,4,15,52,61,22,37,6,9,40,56,55,5,12,7,53,62,0,39,16,8,31,38,54,63,30,23,
O:O:8:19,18,26,34,44,37,45,11,38,54,17,46,3,43,10,39,55,8,41,42,63,29,30,9,16,47,50,40,2,57,52,23,58,24,56,12,22,53,1,60,31,25,13,49,32,15,21,5,59,48,51,20,7,0,4,6,61,14,33,62,
O:O:8:37,45,19,38,54,52,39,18,59,34,42,63,17,50,41,20,21,48,49,11,2,13,32,31,44,60,5,43,23,51,57,6,53,4,33,25,16,14,9,46,22,29,3,26,12,1,55,30,15,8,0,10,7,24,47,40,56,61,62,58,
O:O:8:26,20,13,25,34,12,18,43,21,29,3,5,33,4,52,10,22,40,32,24,2,30,17,31,39,44,6,50,51,14,15,37,41,23,59,42,49,16,46,57,53,54,38,19,58,60,56,47,8,1,61,45,0,7,11,9,55,62,48,63,
O:O:8:19,18,44,29,9,43,42,0,37,45,30,38,26,51,39,34,46,23,31,50,41,32,52,54,20,22,25,47,11,12,15,24,13,33,63,3,59,17,16,8,57,58,40,21,55,53,4,49,2,56,10,6,62,60,14,48,61,5,7,1,
O:O:8:26,20,13,25,34,12,45,41,11,42,48,37,18,33,17,9,0,24,44,51,38,54,58,19,10,39,49,50,43,3,32,5,30,6,63,22,59,60,8,46,61,56,2,16,53,62,4,1,14,29,31,21,57,40,7,15,52,47,55,23,
O:X:8:19,18,26,34,41,21,29,37,30,12,3,31,45,22,9,13,20,17,11,0,33,54,44,2,16,42,4,52,50,38,23,49,48,14,51,46,62,63,1,15,59,39,6,61,43,58,53,5,60,55,47,25,57,10,24,40,7,56,32,8,
O:O:8:26,20,29,18,44,38,30,31,10,42,12,21,34,4,22,14,49,43,13,19,11,33,23,6,47,56,51,9,3,52,25,32,37,5,0,53,24,46,2,8,62,41,39,17,15,45,16,60,48,1,57,61,50,40,59,54,63,58,55,7,
O:X:8:44,43,50,29,18,52,45,57,59,19,34,17,37,51,41,33,42,49,9,1,0,20,32,40,21,13,26,30,38,53,56,11,10,3,4,24,12,46,6,14,55,54,7,25,23,22,62,5,61,58,16,15,48,31,39,63,2,47,8,60,
O:X:8:19,18,44,29,20,43,38,21,13,52,42,34,45,50,60,6,9,47,11,3,57,0,10,58,30,46,17,24,5,31,7,61,1,14,16,2,22,4,8,26,32,56,33,12,51,59,54,15,37,63,53,25,49,39,23,41,55,62,48,40,
O:O:8:26,20,21,22,12,3,23,30,45,14,37,42,4,44,43,39,2,18,7,38,19,34,46,13,17,15,50,31,47,33,24,53,51,11,61,25,16,8,29,49,56,41,6,58,9,55,63,62,54,32,10,48,5,1,60,59,40,52,0,57,
O:O:8:37,45,53,38,26,52,39,61,59,43,50,31,23,34,29,18,19,12,10,20,46,2,21,47,3,30,25,4,13,16,51,42,33,58,49,14,57,48,5,24,55,54,1,6,32,44,62,15,9,17,22,41,40,11,60,8,0,56,7,63,
O:X:8:44,43,42,51,60,49,19,45,54,29,56,63,52,59,50,33,30,61,53,48,40,18,26,11,55,25,3,58,37,31,57,24,22,4,23,12,9,47,34,41,39,21,5,10,16,15,17,20,46,32,13,0,14,1,38,6,2,8,62,7,
O:X:8:44,43,42,51,26,45,53,19,18,61,58,59,50,41,37,33,62,21,25,52,12,17,32,10,11,13,29,38,34,20,8,9,60,57,49,48,5,30,2,54,16,0,3,4,46,14,39,24,1,31,15,47,56,40,55,63,23,7,22,6,
O:O:8:19,18,26,34,41,21,45,33,40,32,17,25,43,50,14,12,11,30,48,56,13,42,24,9,16,5,0,4,57,58,10,8,29,3,1,20,2,54,49,22,63,6,7,15,23,31,37,52,39,46,38,55,61,53,62,51,44,47,59,60,
O:X:8:26,20,37,44,13,17,34,30,18,33,43,25,21,50,19,22,41,42,51,48,29,52,16,6,15,38,5,12,49,32,45,54,60,59,47,24,31,56,3,4,58,57,10,14,40,23,53,11,61,2,9,1,0,62,8,7,55,63,46,39,
O:O:8:37,45,19,38,46,29,30,31,47,55,52,10,44,26,43,59,11,39,25,20,22,21,14,42,12,34,60,61,53,3,4,62,50,7,23,15,13,6,5,33,41,16,17,8,51,58,18,2,54,40,32,24,48,49,9,56,57,1,63,0,
O:X:8:44,43,34,25,26,29,21,45,37,30,51,42,50,57,19,58,16,12,22,24,41,23,59,33,53,20,18,10,4,8,56,49,40,3,5,54,15,17,38,60,9,32,14,61,62,52,31,1,55,48,2,11,0,46,39,7,13,47,63,6,
O:O:8:26,20,21,22,14,6,44,34,42,29,13,52,38,49,31,18,7,15,30,11,23,46,41,5,45,19,57,47,17,9,60,48,4,10,0,25,3,37,24,54,63,2,1,16,39,32,43,50,12,61,56,59,53,62,33,8,55,40,58,51,
O:X:8:37,45,44,43,26,17,54,19,50,29,10,11,25,53,38,9,12,18,22,51,4,3,52,63,20,5,2,32,16,24,46,47,42,57,49,60,61,0,34,1,31,58,21,62,41,8,33,23,55,40,48,56,39,59,15,7,14,13,6,30,
O:O:8:37,45,44,43,52,21,46,61,20,54,14,47,34,19,63,62,59,53,42,26,55,25,10,38,18,60,39,31,30,9,24,29,17,11,22,32,51,8,40,49,33,23,16,7,6,48,12,41,0,58,4,15,2,13,5,3,56,1,57,50,
O:O:8:19,18,37,20,11,34,9,38,13,6,46,3,4,54,12,17,42,1,33,32,43,52,14,51,44,22,41,30,15,21,24,40,31,16,62,45,50,25,2,57,53,49,0,61,26,29,8,47,63,55,60,10,48,58,5,59,7,23,39,56,
O:X:8:37,45,53,38,19,34,46,11,26,52,51,21,43,50,10,54,61,60,55,42,63,18,30,12,3,2,1,9,16,14,58,29,13,31,20,4,47,62,23,39,22,0,7,49,56,17,44,41,5,6,57,15,32,48,8,24,59,25,33,40,
O:X:8:44,43,50,29,22,52,19,18,21,42,37,11,3,58,53,54,57,14,60,20,9,34,6,51,33,49,62,45,41,23,12,0,25,5,10,61,59,63,15,17,8,24,16,40,48,13,46,56,32,38,30,31,4,26,55,2,39,7,1,47,
O:X:8:44,43,18,29,42,20,30,34,25,31,19,49,26,9,12,41,56,52,17,13,60,11,3,45,21,24,5,4,40,22,10,1,37,61,23,33,46,14,2,48,8,57,15,53,16,6,62,50,54,47,39,51,58,59,32,63,38,0,7,55,
O:X:8:37,45,53,38,29,43,26,19,18,46,51,21,14,17,10,50,49,60,39,30,47,52,23,42,54,57,22,3,1,15,16,56,33,11,48,41,4,40,7,9,32,24,20,59,8,5,34,62,63,6,13,25,61,2,55,12,58,0,31,44,
O:X:8:19,18,26,34,17,21,41,11,4,3,20,29,45,43,30,37,46,54,42,50,44,48,33,53,63,55,47,25,38,51,49,8,58,10,12,39,52,24,14,60,2,9,61,13,40,15,23,31,56,57,0,59,5,62,16,1,32,22,7,6,
O:X:8:37,45,19,38,39,18,17,9,1,29,21,11,53,34,44,30,23,54,33,16,52,61,55,13,3,43,12,20,60,0,62,2,50,32,26,51,10,5,46,49,58,22,48,4,25,41,15,59,8,31,24,47,40,7,6,14,57,63,42,56,
O:X:8:26,20,13,25,34,12,21,29,37,46,45,22,15,14,55,43,33,42,6,30,17,7,41,8,51,40,19,5,18,44,32,60,48,49,50,11,24,54,2,56,4,47,52,3,58,1,16,63,31,10,0,39,23,53,61,62,9,57,59,38,
O:O:8:19,18,17,43,26,9,10,20,37,38,21,14,8,12,51,16,7,30,5,4,29,0,45,54,23,2,46,11,53,25,44,47,24,62,39,58,33,34,61,55,13,52,1,40,50,49,60,6,48,59,63,31,57,22,41,3,15,42,32,56,
O:O:8:44,43,18,29,30,22,51,34,42,26,14,9,20,15,0,52,17,41,40,38,33,12,37,25,46,45,24,32,4,8,61,13,16,11,19,54,2,58,60,50,55,10,62,47,5,63,21,59,31,23,53,3,57,49,56,6,48,1,39,7,
O:O:8:26,20,29,18,44,38,12,43,10,45,30,31,52,17,42,3,2,59,22,1,60,53,24,14,15,49,56,19,34,33,32,50,11,8,41,51,46,54,16,21,13,61,57,25,47,37,9,7,63,55,0,48,58,4,23,40,62,39,6,5,
O:X:8:26,20,21,22,13,18,34,5,9,42,29,17,14,23,25,19,15,16,4,37,38,30,10,11,2,45,6,43,8,0,50,33,54,49,44,3,56,7,24,39,46,32,1,63,52,31,40,58,41,47,59,12,62,53,55,57,51,60,48,61,
O:X:8:26,20,21,22,45,44,13,5,52,19,12,34,33,4,14,30,11,29,15,3,31,40,2,10,25,7,18,23,6,42,49,60,43,58,41,9,37,50,57,24,51,56,48,53,1,39,46,54,17,0,62,16,32,55,61,63,8,38,47,59,
O:X:8:44,43,18,29,42,20,12,50,51,52,38,19,57,9,11,45,25,31,26,3,54,33,40,32,2,17,41,21,24,10,59,53,16,46,22,60,47,37,1,13,62,39,5,49,55,0,15,34,6,58,48,56,4,8,23,30,61,14,63,7,
O:X:8:37,45,53,38,44,19,21,34,18,20,29,52,10,13,42,61,12,11,14,1,9,43,26,33,54,2,51,41,30,22,31,7,49,62,48,63,46,59,40,47,15,5,55,17,4,60,0,25,32,57,16,24,58,23,3,39,56,6,8,50,
O:O:8:44,43,26,45,51,20,54,34,29,38,31,47,12,18,17,58,41,63,10,4,19,16,30,1,52,37,53,61,13,60,46,55,8,25,50,21,3,9,62,6,33,23,5,14,15,57,39,2,24,49,32,40,48,59,0,22,7,11,42,56,
O:O:8:44,43,26,45,52,59,60,29,37,18,58,34,21,30,38,12,33,25,20,22,14,15,23,54,50,32,41,31,10,19,63,2,46,57,56,55,17,53,3,4,61,40,39,8,62,48,16,5,0,51,6,13,42,7,47,9,11,49,24,1,
O:X:8:37,45,26,18,44,25,54,53,61,29,20,21,43,12,17,63,14,50,47,34,4,38,42,19,11,2,58,16,39,57,9,52,8,22,13,10,31,41,48,40,24,5,56,15,3,62,23,0,49,33,32,1,60,30,51,55,46,59,6,7,
O:O:8:19,18,37,20,26,43,44,29,30,38,45,31,9,52,53,25,23,54,10,11,61,8,21,46,51,42,1,13,14,59,33,22,60,15,58,50,34,2,17,49,62,41,32,48,47,0,5,4,12,24,40,55,63,57,7,6,3,39,56,16,
X:O:8:
